\BOOKMARK [0][-]{chapter.1}{Chapter 1. Property Kernels based on Vector Quantization}{}% 1
\BOOKMARK [1][-]{section.1.1}{1. Introduction}{chapter.1}% 2
\BOOKMARK [1][-]{section.1.2}{2. Methods}{chapter.1}% 3
\BOOKMARK [2][-]{subsection.1.2.1}{2.1. Count-based property kernels}{section.1.2}% 4
\BOOKMARK [2][-]{subsection.1.2.2}{2.2. Additive property kernels}{section.1.2}% 5
\BOOKMARK [2][-]{subsection.1.2.3}{2.3. Combined kernel function}{section.1.2}% 6
\BOOKMARK [2][-]{subsection.1.2.4}{2.4. Computational complexity}{section.1.2}% 7
\BOOKMARK [1][-]{section.1.3}{3. String kernel}{chapter.1}% 8
\BOOKMARK [1][-]{section.1.4}{4. Experiments and data}{chapter.1}% 9
\BOOKMARK [2][-]{subsection.1.4.1}{4.1. Cross validation}{section.1.4}% 10
\BOOKMARK [2][-]{subsection.1.4.2}{4.2. AUC }{section.1.4}% 11
\BOOKMARK [2][-]{subsection.1.4.3}{4.3. Weighted AUC }{section.1.4}% 12
\BOOKMARK [2][-]{subsection.1.4.4}{4.4. Signal-to-noise ratio}{section.1.4}% 13
\BOOKMARK [1][-]{section.1.5}{5. Mapping proteins into property vectors }{chapter.1}% 14
\BOOKMARK [2][-]{subsection.1.5.1}{5.1. Structure based properties}{section.1.5}% 15
\BOOKMARK [2][-]{subsection.1.5.2}{5.2. Sequence based properties}{section.1.5}% 16
\BOOKMARK [3][-]{subsubsection.1.5.2.1}{5.2.1. Tested values of n \(window size\) and m \(number of centroids\)}{subsection.1.5.2}% 17
\BOOKMARK [1][-]{section.1.6}{6. Results}{chapter.1}% 18
\BOOKMARK [2][-]{subsection.1.6.1}{6.1. SCOP fold}{section.1.6}% 19
\BOOKMARK [3][-]{subsubsection.1.6.1.1}{6.1.1. ``Catalytic activity"}{subsection.1.6.1}% 20
\BOOKMARK [2][-]{subsection.1.6.2}{6.2. Combined kernel performance}{section.1.6}% 21
\BOOKMARK [3][-]{figure.caption.5}{6.2.1. SCOP fold}{subsection.1.6.2}% 22
\BOOKMARK [3][-]{subsubsection.1.6.2.2}{6.2.2. ``Catalytic activity"}{subsection.1.6.2}% 23
\BOOKMARK [1][-]{section.1.7}{7. Discussion}{chapter.1}% 24
\BOOKMARK [1][-]{section.1.8}{8. Supplementary data}{chapter.1}% 25
\BOOKMARK [0][-]{appendix*.6}{Bibliography}{}% 26
