This is pdfTeX, Version 3.1415926-2.3-1.40.12 (TeX Live 2011) (format=pdflatex 2011.7.3)  26 JUN 2013 16:29
entering extended mode
 \write18 enabled.
 file:line:error style messages enabled.
 %&-line parsing enabled.
**Wyatt_Thesis_V0.tex
(./Wyatt_Thesis_V0.tex
LaTeX2e <2009/09/24>
Babel <v3.8l> and hyphenation patterns for english, dumylang, nohyphenation, ge
rman-x-2009-06-19, ngerman-x-2009-06-19, afrikaans, ancientgreek, ibycus, arabi
c, armenian, basque, bulgarian, catalan, pinyin, coptic, croatian, czech, danis
h, dutch, ukenglish, usenglishmax, esperanto, estonian, ethiopic, farsi, finnis
h, french, galician, german, ngerman, swissgerman, monogreek, greek, hungarian,
 icelandic, assamese, bengali, gujarati, hindi, kannada, malayalam, marathi, or
iya, panjabi, tamil, telugu, indonesian, interlingua, irish, italian, kurmanji,
 lao, latin, latvian, lithuanian, mongolian, mongolianlmc, bokmal, nynorsk, pol
ish, portuguese, romanian, russian, sanskrit, serbian, serbianc, slovak, sloven
ian, spanish, swedish, turkish, turkmen, ukrainian, uppersorbian, welsh, loaded
.
(./iuthesis.cls
Document Class: iuthesis 
<< Class 'iuthesis', v1.2.0.23, 1999/06/04(N. Danner) >>
\IUT@abstype=\count79
\IUT@nmlabstract=\count80
\IUT@umiabstract=\count81
\IUT@ugsabstract=\count82

 iuthesis option: abstractsigs  iuthesis option: draft  iuthesis option: final
(./amsbook.cls
Document Class: amsbook 2009/07/02 v2.20.1
\linespacing=\dimen102
\normalparindent=\dimen103
\normaltopskip=\skip41

Class iuthesis Warning: When the draft option is used, the \includegraphics
(iuthesis)              command will print blank placeholder boxes
(iuthesis)              for the graphics.

(/usr/local/texlive/2011/texmf-dist/tex/latex/amsmath/amsmath.sty
Package: amsmath 2000/07/18 v2.13 AMS math features
\@mathmargin=\skip42

For additional information on amsmath, use the `?' option.
(/usr/local/texlive/2011/texmf-dist/tex/latex/amsmath/amstext.sty
Package: amstext 2000/06/29 v2.01

(/usr/local/texlive/2011/texmf-dist/tex/latex/amsmath/amsgen.sty
File: amsgen.sty 1999/11/30 v2.0
\@emptytoks=\toks14
\ex@=\dimen104
))
(/usr/local/texlive/2011/texmf-dist/tex/latex/amsmath/amsbsy.sty
Package: amsbsy 1999/11/29 v1.2d
\pmbraise@=\dimen105
)
(/usr/local/texlive/2011/texmf-dist/tex/latex/amsmath/amsopn.sty
Package: amsopn 1999/12/14 v2.01 operator names
)
\inf@bad=\count83
LaTeX Info: Redefining \frac on input line 211.
\uproot@=\count84
\leftroot@=\count85
LaTeX Info: Redefining \overline on input line 307.
\classnum@=\count86
\DOTSCASE@=\count87
LaTeX Info: Redefining \ldots on input line 379.
LaTeX Info: Redefining \dots on input line 382.
LaTeX Info: Redefining \cdots on input line 467.
\Mathstrutbox@=\box26
\strutbox@=\box27
\big@size=\dimen106
LaTeX Font Info:    Redeclaring font encoding OML on input line 567.
LaTeX Font Info:    Redeclaring font encoding OMS on input line 568.
\macc@depth=\count88
\c@MaxMatrixCols=\count89
\dotsspace@=\muskip10
\c@parentequation=\count90
\dspbrk@lvl=\count91
\tag@help=\toks15
\row@=\count92
\column@=\count93
\maxfields@=\count94
\andhelp@=\toks16
\eqnshift@=\dimen107
\alignsep@=\dimen108
\tagshift@=\dimen109
\tagwidth@=\dimen110
\totwidth@=\dimen111
\lineht@=\dimen112
\@envbody=\toks17
\multlinegap=\skip43
\multlinetaggap=\skip44
\mathdisplay@stack=\toks18
LaTeX Info: Redefining \[ on input line 2666.
LaTeX Info: Redefining \] on input line 2667.
)
LaTeX Font Info:    Try loading font information for U+msa on input line 367.

(/usr/local/texlive/2011/texmf-dist/tex/latex/amsfonts/umsa.fd
File: umsa.fd 2009/06/22 v3.00 AMS symbols A
)
(/usr/local/texlive/2011/texmf-dist/tex/latex/amsfonts/amsfonts.sty
Package: amsfonts 2009/06/22 v3.00 Basic AMSFonts support
\symAMSa=\mathgroup4
\symAMSb=\mathgroup5
LaTeX Font Info:    Overwriting math alphabet `\mathfrak' in version `bold'
(Font)                  U/euf/m/n --> U/euf/b/n on input line 96.
)
\copyins=\insert233
\abstractbox=\box28
\listisep=\skip45
\c@part=\count95
\c@chapter=\count96
\c@section=\count97
\c@subsection=\count98
\c@subsubsection=\count99
\c@paragraph=\count100
\c@subparagraph=\count101
\c@figure=\count102
\c@table=\count103
\abovecaptionskip=\skip46
\belowcaptionskip=\skip47
\captionindent=\dimen113
\thm@style=\toks19
\thm@bodyfont=\toks20
\thm@headfont=\toks21
\thm@notefont=\toks22
\thm@headpunct=\toks23
\thm@preskip=\skip48
\thm@postskip=\skip49
\thm@headsep=\skip50
\dth@everypar=\toks24
)
\dedicationbox=\box29
\acknowledgebox=\box30
)
(/usr/local/texlive/2011/texmf-dist/tex/latex/graphics/graphicx.sty
Package: graphicx 1999/02/16 v1.0f Enhanced LaTeX Graphics (DPC,SPQR)

(/usr/local/texlive/2011/texmf-dist/tex/latex/graphics/keyval.sty
Package: keyval 1999/03/16 v1.13 key=value parser (DPC)
\KV@toks@=\toks25
)
(/usr/local/texlive/2011/texmf-dist/tex/latex/graphics/graphics.sty
Package: graphics 2009/02/05 v1.0o Standard LaTeX Graphics (DPC,SPQR)

(/usr/local/texlive/2011/texmf-dist/tex/latex/graphics/trig.sty
Package: trig 1999/03/16 v1.09 sin cos tan (DPC)
)
(/usr/local/texlive/2011/texmf-dist/tex/latex/latexconfig/graphics.cfg
File: graphics.cfg 2010/04/23 v1.9 graphics configuration of TeX Live
)
Package graphics Info: Driver file: pdftex.def on input line 91.

(/usr/local/texlive/2011/texmf-dist/tex/latex/pdftex-def/pdftex.def
File: pdftex.def 2011/05/27 v0.06d Graphics/color for pdfTeX

(/usr/local/texlive/2011/texmf-dist/tex/generic/oberdiek/infwarerr.sty
Package: infwarerr 2010/04/08 v1.3 Providing info/warning/message (HO)
)
(/usr/local/texlive/2011/texmf-dist/tex/generic/oberdiek/ltxcmds.sty
Package: ltxcmds 2011/04/18 v1.20 LaTeX kernel commands for general use (HO)
)
\Gread@gobject=\count104
))
\Gin@req@height=\dimen114
\Gin@req@width=\dimen115
)
(/usr/local/texlive/2011/texmf-dist/tex/latex/multirow/multirow.sty
\bigstrutjot=\dimen116
)
(/usr/local/texlive/2011/texmf-dist/tex/latex/xcolor/xcolor.sty
Package: xcolor 2007/01/21 v2.11 LaTeX color extensions (UK)

(/usr/local/texlive/2011/texmf-dist/tex/latex/latexconfig/color.cfg
File: color.cfg 2007/01/18 v1.5 color configuration of teTeX/TeXLive
)
Package xcolor Info: Driver file: pdftex.def on input line 225.

(/usr/local/texlive/2011/texmf-dist/tex/latex/colortbl/colortbl.sty
Package: colortbl 2001/02/13 v0.1j Color table columns (DPC)

(/usr/local/texlive/2011/texmf-dist/tex/latex/tools/array.sty
Package: array 2008/09/09 v2.4c Tabular extension package (FMi)
\col@sep=\dimen117
\extrarowheight=\dimen118
\NC@list=\toks26
\extratabsurround=\skip51
\backup@length=\skip52
)
\everycr=\toks27
\minrowclearance=\skip53
)
\rownum=\count105
Package xcolor Info: Model `cmy' substituted by `cmy0' on input line 1337.
Package xcolor Info: Model `hsb' substituted by `rgb' on input line 1341.
Package xcolor Info: Model `RGB' extended on input line 1353.
Package xcolor Info: Model `HTML' substituted by `rgb' on input line 1355.
Package xcolor Info: Model `Hsb' substituted by `hsb' on input line 1356.
Package xcolor Info: Model `tHsb' substituted by `hsb' on input line 1357.
Package xcolor Info: Model `HSB' substituted by `hsb' on input line 1358.
Package xcolor Info: Model `Gray' substituted by `gray' on input line 1359.
Package xcolor Info: Model `wave' substituted by `hsb' on input line 1360.
)
(/usr/local/texlive/2011/texmf-dist/tex/latex/amsfonts/amssymb.sty
Package: amssymb 2009/06/22 v3.00
)
(/usr/local/texlive/2011/texmf-dist/tex/latex/caption/caption.sty
Package: caption 2010/01/09 v3.1m Customizing captions (AR)

(/usr/local/texlive/2011/texmf-dist/tex/latex/caption/caption3.sty
Package: caption3 2010/01/14 v3.1m caption3 kernel (AR)
\captionmargin=\dimen119
\captionmargin@=\dimen120
\captionwidth=\dimen121
\caption@indent=\dimen122
\caption@parindent=\dimen123
\caption@hangindent=\dimen124
)
Package caption Info: AMS or SMF document class.
\c@ContinuedFloat=\count106
)
(/usr/local/texlive/2011/texmf-dist/tex/latex/caption/subcaption.sty
Package: subcaption 2008/08/31 v1.0b Adding subcaptions (AR)
\c@subfigure=\count107
\c@subtable=\count108
)
(/usr/local/texlive/2011/texmf-dist/tex/generic/babel/babel.sty
Package: babel 2008/07/06 v3.8l The Babel package

(/usr/local/texlive/2011/texmf-dist/tex/generic/babel/english.ldf
Language: english 2005/03/30 v3.3o English support from the babel system

(/usr/local/texlive/2011/texmf-dist/tex/generic/babel/babel.def
File: babel.def 2008/07/06 v3.8l Babel common definitions
\babel@savecnt=\count109
\U@D=\dimen125
)
\l@canadian = a dialect from \language\l@american 
\l@australian = a dialect from \language\l@british 
\l@newzealand = a dialect from \language\l@british 
))
(/usr/local/texlive/2011/texmf-dist/tex/latex/hyphenat/hyphenat.sty
Package: hyphenat 2009/09/02 v2.3c hyphenation utilities
\langwohyphens=\language75
LaTeX Info: Redefining \_ on input line 43.
)
(/usr/local/texlive/2011/texmf-dist/tex/latex/hyperref/hyperref.sty
Package: hyperref 2011/04/17 v6.82g Hypertext links for LaTeX

(/usr/local/texlive/2011/texmf-dist/tex/generic/oberdiek/hobsub-hyperref.sty
Package: hobsub-hyperref 2011/04/23 v1.4 Bundle oberdiek, subset hyperref (HO)

(/usr/local/texlive/2011/texmf-dist/tex/generic/oberdiek/hobsub-generic.sty
Package: hobsub-generic 2011/04/23 v1.4 Bundle oberdiek, subset generic (HO)
Package: hobsub 2011/04/23 v1.4 Subsetting bundle oberdiek (HO)
Package hobsub Info: Skipping package `infwarerr' (already loaded).
Package hobsub Info: Skipping package `ltxcmds' (already loaded).
Package: ifluatex 2010/03/01 v1.3 Provides the ifluatex switch (HO)
Package ifluatex Info: LuaTeX not detected.
Package: ifvtex 2010/03/01 v1.5 Switches for detecting VTeX and its modes (HO)
Package ifvtex Info: VTeX not detected.
Package: intcalc 2007/09/27 v1.1 Expandable integer calculations (HO)
Package: ifpdf 2011/01/30 v2.3 Provides the ifpdf switch (HO)
Package ifpdf Info: pdfTeX in PDF mode is detected.
Package: etexcmds 2011/02/16 v1.5 Prefix for e-TeX command names (HO)
Package etexcmds Info: Could not find \expanded.
(etexcmds)             That can mean that you are not using pdfTeX 1.50 or
(etexcmds)             that some package has redefined \expanded.
(etexcmds)             In the latter case, load this package earlier.
Package: kvsetkeys 2011/04/07 v1.13 Key value parser (HO)
Package: kvdefinekeys 2011/04/07 v1.3 Defining keys (HO)
Package: pdftexcmds 2011/04/22 v0.16 Utilities of pdfTeX for LuaTeX (HO)
Package pdftexcmds Info: LuaTeX not detected.
Package pdftexcmds Info: \pdf@primitive is available.
Package pdftexcmds Info: \pdf@ifprimitive is available.
Package pdftexcmds Info: \pdfdraftmode found.
Package: pdfescape 2011/04/04 v1.12 Provides string conversions (HO)
Package: bigintcalc 2011/01/30 v1.2 Expandable big integer calculations (HO)
Package: bitset 2011/01/30 v1.1 Data type bit set (HO)
Package: uniquecounter 2011/01/30 v1.2 Provides unlimited unique counter (HO)
)
Package hobsub Info: Skipping package `hobsub' (already loaded).
Package: letltxmacro 2010/09/02 v1.4 Let assignment for LaTeX macros (HO)
Package: hopatch 2011/01/30 v1.0 Wrapper for package hooks (HO)
Package: xcolor-patch 2011/01/30 xcolor patch
Package: atveryend 2011/04/23 v1.7 Hooks at very end of document (HO)
Package atveryend Info: \enddocument detected (standard).
Package: atbegshi 2011/01/30 v1.15 At begin shipout hook (HO)
Package: refcount 2010/12/01 v3.2 Data extraction from references (HO)
Package: hycolor 2011/01/30 v1.7 Color options of hyperref/bookmark (HO)
)
(/usr/local/texlive/2011/texmf-dist/tex/generic/ifxetex/ifxetex.sty
Package: ifxetex 2010/09/12 v0.6 Provides ifxetex conditional
)
(/usr/local/texlive/2011/texmf-dist/tex/latex/oberdiek/kvoptions.sty
Package: kvoptions 2010/12/23 v3.10 Keyval support for LaTeX options (HO)
)
\@linkdim=\dimen126
\Hy@linkcounter=\count110
\Hy@pagecounter=\count111

(/usr/local/texlive/2011/texmf-dist/tex/latex/hyperref/pd1enc.def
File: pd1enc.def 2011/04/17 v6.82g Hyperref: PDFDocEncoding definition (HO)
)
\Hy@SavedSpaceFactor=\count112

(/usr/local/texlive/2011/texmf-dist/tex/latex/latexconfig/hyperref.cfg
File: hyperref.cfg 2002/06/06 v1.2 hyperref configuration of TeXLive
)
Package hyperref Info: Option `final' set `true' on input line 3905.
Package hyperref Info: Hyper figures OFF on input line 4026.
Package hyperref Info: Link nesting OFF on input line 4031.
Package hyperref Info: Hyper index ON on input line 4034.
Package hyperref Info: Plain pages OFF on input line 4041.
Package hyperref Info: Backreferencing OFF on input line 4046.
Package hyperref Info: Implicit mode ON; LaTeX internals redefined.
Package hyperref Info: Bookmarks ON on input line 4264.
\c@Hy@tempcnt=\count113

(/usr/local/texlive/2011/texmf-dist/tex/latex/url/url.sty
\Urlmuskip=\muskip11
Package: url 2006/04/12  ver 3.3  Verb mode for urls, etc.
)
LaTeX Info: Redefining \url on input line 4617.
\Fld@menulength=\count114
\Field@Width=\dimen127
\Fld@charsize=\dimen128
Package hyperref Info: Hyper figures OFF on input line 5701.
Package hyperref Info: Link nesting OFF on input line 5706.
Package hyperref Info: Hyper index ON on input line 5709.
Package hyperref Info: backreferencing OFF on input line 5716.
Package hyperref Info: Link coloring OFF on input line 5721.
Package hyperref Info: Link coloring with OCG OFF on input line 5726.
Package hyperref Info: PDF/A mode OFF on input line 5731.
LaTeX Info: Redefining \ref on input line 5771.
LaTeX Info: Redefining \pageref on input line 5775.
\Hy@abspage=\count115
\c@Item=\count116
\c@Hfootnote=\count117
)

Package hyperref Message: Driver (autodetected): hpdftex.

(/usr/local/texlive/2011/texmf-dist/tex/latex/hyperref/hpdftex.def
File: hpdftex.def 2011/04/17 v6.82g Hyperref driver for pdfTeX
\Fld@listcount=\count118
\c@bookmark@seq@number=\count119

(/usr/local/texlive/2011/texmf-dist/tex/latex/oberdiek/rerunfilecheck.sty
Package: rerunfilecheck 2011/04/15 v1.7 Rerun checks for auxiliary files (HO)
Package uniquecounter Info: New unique counter `rerunfilecheck' on input line 2
82.
)
\Hy@SectionHShift=\skip54
)
(/usr/local/texlive/2011/texmf-dist/tex/latex/cleveref/cleveref.sty
Package: cleveref 2011/03/22 v0.17.9 Intelligent cross-referencing
Package cleveref Info: `hyperref' support loaded on input line 2157.
LaTeX Info: Redefining \cref on input line 2157.
LaTeX Info: Redefining \Cref on input line 2157.
LaTeX Info: Redefining \crefrange on input line 2157.
LaTeX Info: Redefining \Crefrange on input line 2157.
Package cleveref Info: `amsthm' support loaded on input line 2300.
Package cleveref Info: loaded `english' language definitions on input line 5499
.
)
(/usr/local/texlive/2011/texmf-dist/tex/latex/natbib/natbib.sty
Package: natbib 2010/09/13 8.31b (PWD, AO)
\bibhang=\skip55
\bibsep=\skip56
LaTeX Info: Redefining \cite on input line 694.
\c@NAT@ctr=\count120
)
(/usr/local/texlive/2011/texmf-dist/tex/latex/chngcntr/chngcntr.sty
Package: chngcntr 2009/09/02 v1.0a change counter resetting
)
(/usr/local/texlive/2011/texmf-dist/tex/latex/tools/afterpage.sty
Package: afterpage 1995/10/27 v1.08 After-Page Package (DPC)
\AP@output=\toks28
\AP@partial=\box31
\AP@footins=\box32
)
(/usr/local/texlive/2011/texmf-dist/tex/latex/tools/longtable.sty
Package: longtable 2004/02/01 v4.11 Multi-page Table package (DPC)
\LTleft=\skip57
\LTright=\skip58
\LTpre=\skip59
\LTpost=\skip60
\LTchunksize=\count121
\LTcapwidth=\dimen129
\LT@head=\box33
\LT@firsthead=\box34
\LT@foot=\box35
\LT@lastfoot=\box36
\LT@cols=\count122
\LT@rows=\count123
\c@LT@tables=\count124
\c@LT@chunks=\count125
\LT@p@ftn=\toks29
)
(/usr/local/texlive/2011/texmf-dist/tex/latex/rotfloat/rotfloat.sty
Package: rotfloat 2004/01/04 v1.2 Combining float+rotating package (AS)

(/usr/local/texlive/2011/texmf-dist/tex/latex/float/float.sty
Package: float 2001/11/08 v1.3d Float enhancements (AL)
\c@float@type=\count126
\float@exts=\toks30
\float@box=\box37
\@float@everytoks=\toks31
\@floatcapt=\box38
)
(/usr/local/texlive/2011/texmf-dist/tex/latex/rotating/rotating.sty
Package: rotating 2009/03/28 v2.16a rotated objects in LaTeX

(/usr/local/texlive/2011/texmf-dist/tex/latex/base/ifthen.sty
Package: ifthen 2001/05/26 v1.1c Standard LaTeX ifthen package (DPC)
)
\c@r@tfl@t=\count127
\rotFPtop=\skip61
\rotFPbot=\skip62
\rot@float@box=\box39
\rot@mess@toks=\toks32
)
Package rotfloat Info: float package v1.3 detected on input line 74.
)
(/usr/local/texlive/2011/texmf-dist/tex/latex/lineno/lineno.sty
Package: lineno 2005/11/02 line numbers on paragraphs v4.41
\linenopenalty=\count128
\output=\toks33
\linenoprevgraf=\count129
\linenumbersep=\dimen130
\linenumberwidth=\dimen131
\c@linenumber=\count130
\c@pagewiselinenumber=\count131
\c@LN@truepage=\count132
\c@internallinenumber=\count133
\c@internallinenumbers=\count134
\quotelinenumbersep=\dimen132
\bframerule=\dimen133
\bframesep=\dimen134
\bframebox=\box40
LaTeX Info: Redefining \\ on input line 3056.
)
(/usr/local/texlive/2011/texmf-dist/tex/latex/enumitem/enumitem.sty
Package: enumitem 2009/05/18 v2.2 Customized lists
\enit@toks=\toks34
\labelindent=\skip63
\enit@outerparindent=\dimen135
\enitdp@desc=\count135
)
\bibstyle{abbrvnat}
\c@theorem=\count136
\c@lemma=\count137
Package hyperref Info: Option `final' set `true' on input line 50.
Package hyperref Info: Option `colorlinks' set `true' on input line 50.
(./Wyatt_Thesis_V0.aux

LaTeX Warning: Label `fig:ocS1A' multiply defined.


LaTeX Warning: Label `cref@fig:ocS1A' multiply defined.


LaTeX Warning: Label `sub@fig:ocS1A' multiply defined.


LaTeX Warning: Label `cref@sub@fig:ocS1A' multiply defined.


LaTeX Warning: Label `fig:ocS1B' multiply defined.


LaTeX Warning: Label `cref@fig:ocS1B' multiply defined.


LaTeX Warning: Label `sub@fig:ocS1B' multiply defined.


LaTeX Warning: Label `cref@sub@fig:ocS1B' multiply defined.


LaTeX Warning: Label `fig:ocS1A' multiply defined.


LaTeX Warning: Label `cref@fig:ocS1A' multiply defined.


LaTeX Warning: Label `sub@fig:ocS1A' multiply defined.


LaTeX Warning: Label `cref@sub@fig:ocS1A' multiply defined.


LaTeX Warning: Label `fig:ocS1B' multiply defined.


LaTeX Warning: Label `cref@fig:ocS1B' multiply defined.


LaTeX Warning: Label `sub@fig:ocS1B' multiply defined.


LaTeX Warning: Label `cref@sub@fig:ocS1B' multiply defined.


LaTeX Warning: Label `tab:ochomocounts' multiply defined.


LaTeX Warning: Label `cref@tab:ochomocounts' multiply defined.

)
\openout1 = `Wyatt_Thesis_V0.aux'.

LaTeX Font Info:    Checking defaults for OML/cmm/m/it on input line 89.
LaTeX Font Info:    ... okay on input line 89.
LaTeX Font Info:    Checking defaults for T1/cmr/m/n on input line 89.
LaTeX Font Info:    ... okay on input line 89.
LaTeX Font Info:    Checking defaults for OT1/cmr/m/n on input line 89.
LaTeX Font Info:    ... okay on input line 89.
LaTeX Font Info:    Checking defaults for OMS/cmsy/m/n on input line 89.
LaTeX Font Info:    ... okay on input line 89.
LaTeX Font Info:    Checking defaults for OMX/cmex/m/n on input line 89.
LaTeX Font Info:    ... okay on input line 89.
LaTeX Font Info:    Checking defaults for U/cmr/m/n on input line 89.
LaTeX Font Info:    ... okay on input line 89.
LaTeX Font Info:    Checking defaults for PD1/pdf/m/n on input line 89.
LaTeX Font Info:    ... okay on input line 89.
LaTeX Font Info:    Try loading font information for U+msa on input line 89.
 (/usr/local/texlive/2011/texmf-dist/tex/latex/amsfonts/umsa.fd
File: umsa.fd 2009/06/22 v3.00 AMS symbols A
)
LaTeX Font Info:    Try loading font information for U+msb on input line 89.

(/usr/local/texlive/2011/texmf-dist/tex/latex/amsfonts/umsb.fd
File: umsb.fd 2009/06/22 v3.00 AMS symbols B
)
(/usr/local/texlive/2011/texmf-dist/tex/context/base/supp-pdf.mkii
[Loading MPS to PDF converter (version 2006.09.02).]
\scratchcounter=\count138
\scratchdimen=\dimen136
\scratchbox=\box41
\nofMPsegments=\count139
\nofMParguments=\count140
\everyMPshowfont=\toks35
\MPscratchCnt=\count141
\MPscratchDim=\dimen137
\MPnumerator=\count142
\makeMPintoPDFobject=\count143
\everyMPtoPDFconversion=\toks36
) (/usr/local/texlive/2011/texmf-dist/tex/latex/oberdiek/epstopdf-base.sty
Package: epstopdf-base 2010/02/09 v2.5 Base part for package epstopdf

(/usr/local/texlive/2011/texmf-dist/tex/latex/oberdiek/grfext.sty
Package: grfext 2010/08/19 v1.1 Managing graphics extensions (HO)
)
Package grfext Info: Graphics extension search list:
(grfext)             [.png,.pdf,.jpg,.mps,.jpeg,.jbig2,.jb2,.PNG,.PDF,.JPG,.JPE
G,.JBIG2,.JB2,.eps]
(grfext)             \AppendGraphicsExtensions on input line 452.

(/usr/local/texlive/2011/texmf-dist/tex/latex/latexconfig/epstopdf-sys.cfg
File: epstopdf-sys.cfg 2010/07/13 v1.3 Configuration of (r)epstopdf for TeX Liv
e
))
Package caption Info: Begin \AtBeginDocument code.
Package caption Info: float package is loaded.
Package caption Info: hyperref package is loaded.
Package caption Info: longtable package is loaded.

(/usr/local/texlive/2011/texmf-dist/tex/latex/caption/ltcaption.sty
Package: ltcaption 2008/03/28 v1.2 longtable captions (AR)
)
Package caption Info: rotating package is loaded.
Package caption Info: End \AtBeginDocument code.
\AtBeginShipoutBox=\box42
Package hyperref Info: Link coloring ON on input line 89.

(/usr/local/texlive/2011/texmf-dist/tex/latex/hyperref/nameref.sty
Package: nameref 2010/04/30 v2.40 Cross-referencing by name of section

(/usr/local/texlive/2011/texmf-dist/tex/generic/oberdiek/gettitlestring.sty
Package: gettitlestring 2010/12/03 v1.4 Cleanup title references (HO)
)
\c@section@level=\count144
)
LaTeX Info: Redefining \ref on input line 89.
LaTeX Info: Redefining \pageref on input line 89.
LaTeX Info: Redefining \nameref on input line 89.

(./Wyatt_Thesis_V0.out) (./Wyatt_Thesis_V0.out)
\@outlinefile=\write3
\openout3 = `Wyatt_Thesis_V0.out'.

 (./abstract.tex) [1


{/usr/local/texlive/2011/texmf-var/fonts/map/pdftex/updmap/pdftex.map}]
Signature Page
[2] (./dedication.tex)
Dedication
[3] (./acknowledgements.tex)
Acknowledgements

Underfull \vbox (badness 10000) has occurred while \output is active []

 [4]
Underfull \vbox (badness 10000) has occurred while \output is active []

 [5]
[6]
Abstract
[7]
Contents
(./Wyatt_Thesis_V0.toc
Underfull \vbox (badness 6910) has occurred while \output is active []

 [8


]
Underfull \vbox (badness 10000) has occurred while \output is active []

 [9]
[10])
\tf@toc=\write4
\openout4 = `Wyatt_Thesis_V0.toc'.

 [11]
List of Figures
(./Wyatt_Thesis_V0.lof [12


])
\tf@lof=\write5
\openout5 = `Wyatt_Thesis_V0.lof'.

 [13] [14] (./introduction.tex
Chapter 1
Missing character: There is no Ň in font cmr10!
Missing character: There is no Ó in font cmr10!
<Figures/intro/Fig_1B.pdf, id=653, 567.11874pt x 393.47pt>
File: Figures/intro/Fig_1B.pdf Graphic file (type pdf)

<use Figures/intro/Fig_1B.pdf>
Package pdftex.def Info: Figures/intro/Fig_1B.pdf used on input line 19.
(pdftex.def)             Requested size: 303.53267pt x 210.59741pt.


LaTeX Warning: `!h' float specifier changed to `!ht'.

<Figures/intro/Fig_1A.pdf, id=654, 578.16pt x 419.5675pt>
File: Figures/intro/Fig_1A.pdf Graphic file (type pdf)

<use Figures/intro/Fig_1A.pdf>
Package pdftex.def Info: Figures/intro/Fig_1A.pdf used on input line 34.
(pdftex.def)             Requested size: 303.53267pt x 220.26982pt.


LaTeX Warning: `!h' float specifier changed to `!ht'.


Underfull \vbox (badness 10000) has occurred while \output is active []

 [1




]
[2 <./Figures/intro/Fig_1B.pdf>] [3 <./Figures/intro/Fig_1A.pdf>] [4]
<Figures/fanngo/Figure_1.pdf, id=734, 615.29875pt x 207.77625pt>
File: Figures/fanngo/Figure_1.pdf Graphic file (type pdf)

<use Figures/fanngo/Figure_1.pdf>
Package pdftex.def Info: Figures/fanngo/Figure_1.pdf used on input line 95.
(pdftex.def)             Requested size: 433.62pt x 146.42836pt.


LaTeX Warning: `!h' float specifier changed to `!ht'.


Underfull \vbox (badness 10000) has occurred while \output is active []

 [5]
[6 <./Figures/fanngo/Figure_1.pdf>]
Package epstopdf Info: Source file: <Figures/fanngo/Figure_2.eps>
(epstopdf)                    date: 2013-05-22 15:17:50
(epstopdf)                    size: 887902 bytes
(epstopdf)             Output file: <Figures/fanngo/Figure_2-eps-converted-to.p
df>
(epstopdf)                    date: 2013-05-22 15:17:50
(epstopdf)                    size: 32973 bytes
(epstopdf)             Command: <epstopdf --outfile=Figures/fanngo/Figure_2-eps
-converted-to.pdf Figures/fanngo/Figure_2.eps>
(epstopdf)             \includegraphics on input line 123.
Package epstopdf Info: Output file is already uptodate.

<Figures/fanngo/Figure_2-eps-converted-to.pdf, id=934, 608.2725pt x 213.79875pt
>
File: Figures/fanngo/Figure_2-eps-converted-to.pdf Graphic file (type pdf)
 <use Figures/fanngo/Figure_2-eps-converted-to.pdf>
Package pdftex.def Info: Figures/fanngo/Figure_2-eps-converted-to.pdf used on i
nput line 123.
(pdftex.def)             Requested size: 433.62pt x 152.41473pt.


LaTeX Warning: `!h' float specifier changed to `!ht'.

[7]
Package epstopdf Info: Source file: <Figures/fanngo/Supplementary_Figure_1.eps>

(epstopdf)                    date: 2013-05-22 15:17:52
(epstopdf)                    size: 890934 bytes
(epstopdf)             Output file: <Figures/fanngo/Supplementary_Figure_1-eps-
converted-to.pdf>
(epstopdf)                    date: 2013-05-22 15:17:52
(epstopdf)                    size: 34005 bytes
(epstopdf)             Command: <epstopdf --outfile=Figures/fanngo/Supplementar
y_Figure_1-eps-converted-to.pdf Figures/fanngo/Supplementary_Figure_1.eps>
(epstopdf)             \includegraphics on input line 139.
Package epstopdf Info: Output file is already uptodate.

<Figures/fanngo/Supplementary_Figure_1-eps-converted-to.pdf, id=951, 608.2725pt
 x 213.79875pt>
File: Figures/fanngo/Supplementary_Figure_1-eps-converted-to.pdf Graphic file (
type pdf)

<use Figures/fanngo/Supplementary_Figure_1-eps-converted-to.pdf>
Package pdftex.def Info: Figures/fanngo/Supplementary_Figure_1-eps-converted-to
.pdf used on input line 139.
(pdftex.def)             Requested size: 433.62pt x 152.41473pt.
 [8 <./Figures/fanngo/Figure_2-eps-converted-to.pdf>]
Package epstopdf Info: Source file: <Figures/fanngo/Figure_3.eps>
(epstopdf)                    date: 2013-05-22 15:17:50
(epstopdf)                    size: 888546 bytes
(epstopdf)             Output file: <Figures/fanngo/Figure_3-eps-converted-to.p
df>
(epstopdf)                    date: 2013-05-22 15:17:50
(epstopdf)                    size: 32182 bytes
(epstopdf)             Command: <epstopdf --outfile=Figures/fanngo/Figure_3-eps
-converted-to.pdf Figures/fanngo/Figure_3.eps>
(epstopdf)             \includegraphics on input line 153.
Package epstopdf Info: Output file is already uptodate.

<Figures/fanngo/Figure_3-eps-converted-to.pdf, id=968, 613.29124pt x 212.795pt>
File: Figures/fanngo/Figure_3-eps-converted-to.pdf Graphic file (type pdf)
<use Figures/fanngo/Figure_3-eps-converted-to.pdf>
Package pdftex.def Info: Figures/fanngo/Figure_3-eps-converted-to.pdf used on i
nput line 153.
(pdftex.def)             Requested size: 433.62pt x 150.45558pt.


LaTeX Warning: `!h' float specifier changed to `!ht'.

[9 <./Figures/fanngo/Supplementary_Figure_1-eps-converted-to.pdf>]
Package epstopdf Info: Source file: <Figures/fanngo/Figure_4.eps>
(epstopdf)                    date: 2013-05-22 15:17:50
(epstopdf)                    size: 877434 bytes
(epstopdf)             Output file: <Figures/fanngo/Figure_4-eps-converted-to.p
df>
(epstopdf)                    date: 2013-05-22 15:17:50
(epstopdf)                    size: 32085 bytes
(epstopdf)             Command: <epstopdf --outfile=Figures/fanngo/Figure_4-eps
-converted-to.pdf Figures/fanngo/Figure_4.eps>
(epstopdf)             \includegraphics on input line 167.
Package epstopdf Info: Output file is already uptodate.

<Figures/fanngo/Figure_4-eps-converted-to.pdf, id=984, 612.2875pt x 209.78375pt
>
File: Figures/fanngo/Figure_4-eps-converted-to.pdf Graphic file (type pdf)
 <use Figures/fanngo/Figure_4-eps-converted-to.pdf>
Package pdftex.def Info: Figures/fanngo/Figure_4-eps-converted-to.pdf used on i
nput line 167.
(pdftex.def)             Requested size: 433.62pt x 148.56656pt.


LaTeX Warning: `!h' float specifier changed to `!ht'.

[10 <./Figures/fanngo/Figure_3-eps-converted-to.pdf>]
Package epstopdf Info: Source file: <Figures/fanngo/Figure_5.eps>
(epstopdf)                    date: 2013-05-22 15:17:52
(epstopdf)                    size: 871342 bytes
(epstopdf)             Output file: <Figures/fanngo/Figure_5-eps-converted-to.p
df>
(epstopdf)                    date: 2013-05-22 15:29:50
(epstopdf)                    size: 28633 bytes
(epstopdf)             Command: <epstopdf --outfile=Figures/fanngo/Figure_5-eps
-converted-to.pdf Figures/fanngo/Figure_5.eps>
(epstopdf)             \includegraphics on input line 189.
Package epstopdf Info: Output file is already uptodate.

<Figures/fanngo/Figure_5-eps-converted-to.pdf, id=1003, 605.26125pt x 226.8475p
t>
File: Figures/fanngo/Figure_5-eps-converted-to.pdf Graphic file (type pdf)
 <use Figures/fanngo/Figure_5-eps-converted-to.pdf>
Package pdftex.def Info: Figures/fanngo/Figure_5-eps-converted-to.pdf used on i
nput line 189.
(pdftex.def)             Requested size: 433.62pt x 162.5201pt.


LaTeX Warning: `!h' float specifier changed to `!ht'.

[11 <./Figures/fanngo/Figure_4-eps-converted-to.pdf>] [12 <./Figures/fanngo/Fig
ure_5-eps-converted-to.pdf>] [13] [14]
Underfull \vbox (badness 10000) has occurred while \output is active []

 [15])
(./fanngo.tex [16]
Chapter 2
(./fanngo_methods.tex [17


]
Underfull \vbox (badness 1052) has occurred while \output is active []

 [18]
[19] [20]) (./fanngo_results.tex
Missing character: There is no • in font cmr10!
Package epstopdf Info: Source file: <Figures/fanngo/Figure_6.eps>
(epstopdf)                    date: 2013-05-22 15:17:52
(epstopdf)                    size: 1407138 bytes
(epstopdf)             Output file: <Figures/fanngo/Figure_6-eps-converted-to.p
df>
(epstopdf)                    date: 2013-05-22 15:17:52
(epstopdf)                    size: 97575 bytes
(epstopdf)             Command: <epstopdf --outfile=Figures/fanngo/Figure_6-eps
-converted-to.pdf Figures/fanngo/Figure_6.eps>
(epstopdf)             \includegraphics on input line 24.
Package epstopdf Info: Output file is already uptodate.

<Figures/fanngo/Figure_6-eps-converted-to.pdf, id=1295, 615.29875pt x 208.78pt>
File: Figures/fanngo/Figure_6-eps-converted-to.pdf Graphic file (type pdf)
<use Figures/fanngo/Figure_6-eps-converted-to.pdf>
Package pdftex.def Info: Figures/fanngo/Figure_6-eps-converted-to.pdf used on i
nput line 24.
(pdftex.def)             Requested size: 433.62pt x 147.13574pt.
 [21]
Missing character: There is no • in font cmr10!
 [22 <./Figures/fanngo/Figure_6-eps-converted-to.pdf>]
Package epstopdf Info: Source file: <Figures/fanngo/Supplementary_Figure_2.eps>

(epstopdf)                    date: 2013-05-22 15:17:52
(epstopdf)                    size: 1129898 bytes
(epstopdf)             Output file: <Figures/fanngo/Supplementary_Figure_2-eps-
converted-to.pdf>
(epstopdf)                    date: 2013-05-22 15:17:52
(epstopdf)                    size: 73760 bytes
(epstopdf)             Command: <epstopdf --outfile=Figures/fanngo/Supplementar
y_Figure_2-eps-converted-to.pdf Figures/fanngo/Supplementary_Figure_2.eps>
(epstopdf)             \includegraphics on input line 41.
Package epstopdf Info: Output file is already uptodate.

<Figures/fanngo/Supplementary_Figure_2-eps-converted-to.pdf, id=1315, 615.29875
pt x 208.78pt>
File: Figures/fanngo/Supplementary_Figure_2-eps-converted-to.pdf Graphic file (
type pdf)

<use Figures/fanngo/Supplementary_Figure_2-eps-converted-to.pdf>
Package pdftex.def Info: Figures/fanngo/Supplementary_Figure_2-eps-converted-to
.pdf used on input line 41.
(pdftex.def)             Requested size: 433.62pt x 147.13574pt.


LaTeX Warning: `!h' float specifier changed to `!ht'.

) [23]
Underfull \vbox (badness 10000) has occurred while \output is active []

 [24 <./Figures/fanngo/Supplementary_Figure_2-eps-converted-to.pdf>]) (./vq.tex
 [25]
Chapter 3
(./vq_intro.tex [26


]
Missing character: There is no Ő in font cmr10!
 (./Figures/VQ/TimeSeries/TimeSeries.tex
Package epstopdf Info: Source file: <Figures/VQ/TimeSeries/Kappa.eps>
(epstopdf)                    date: 2013-06-12 15:17:32
(epstopdf)                    size: 127725 bytes
(epstopdf)             Output file: <Figures/VQ/TimeSeries/Kappa-eps-converted-
to.pdf>
(epstopdf)                    date: 2013-06-12 15:19:25
(epstopdf)                    size: 7843 bytes
(epstopdf)             Command: <epstopdf --outfile=Figures/VQ/TimeSeries/Kappa
-eps-converted-to.pdf Figures/VQ/TimeSeries/Kappa.eps>
(epstopdf)             \includegraphics on input line 8.
Package epstopdf Info: Output file is already uptodate.

<Figures/VQ/TimeSeries/Kappa-eps-converted-to.pdf, id=1392, 383.4325pt x 136.51
pt>
File: Figures/VQ/TimeSeries/Kappa-eps-converted-to.pdf Graphic file (type pdf)
 <use Figures/VQ/TimeSeries/Kappa-eps-converted-to.pdf>
Package pdftex.def Info: Figures/VQ/TimeSeries/Kappa-eps-converted-to.pdf used 
on input line 8.
(pdftex.def)             Requested size: 173.44534pt x 61.7497pt.
Package epstopdf Info: Source file: <Figures/VQ/TimeSeries/Alpha.eps>
(epstopdf)                    date: 2013-06-12 15:09:39
(epstopdf)                    size: 127934 bytes
(epstopdf)             Output file: <Figures/VQ/TimeSeries/Alpha-eps-converted-
to.pdf>
(epstopdf)                    date: 2013-06-12 15:19:25
(epstopdf)                    size: 7451 bytes
(epstopdf)             Command: <epstopdf --outfile=Figures/VQ/TimeSeries/Alpha
-eps-converted-to.pdf Figures/VQ/TimeSeries/Alpha.eps>
(epstopdf)             \includegraphics on input line 15.
Package epstopdf Info: Output file is already uptodate.

<Figures/VQ/TimeSeries/Alpha-eps-converted-to.pdf, id=1393, 387.4475pt x 138.51
75pt>
File: Figures/VQ/TimeSeries/Alpha-eps-converted-to.pdf Graphic file (type pdf)
 <use Figures/VQ/TimeSeries/Alpha-eps-converted-to.pdf>
Package pdftex.def Info: Figures/VQ/TimeSeries/Alpha-eps-converted-to.pdf used 
on input line 15.
(pdftex.def)             Requested size: 173.44534pt x 62.00891pt.
Package epstopdf Info: Source file: <Figures/VQ/TimeSeries/Phi.eps>
(epstopdf)                    date: 2013-06-12 15:09:47
(epstopdf)                    size: 127930 bytes
(epstopdf)             Output file: <Figures/VQ/TimeSeries/Phi-eps-converted-to
.pdf>
(epstopdf)                    date: 2013-06-12 15:19:25
(epstopdf)                    size: 7437 bytes
(epstopdf)             Command: <epstopdf --outfile=Figures/VQ/TimeSeries/Phi-e
ps-converted-to.pdf Figures/VQ/TimeSeries/Phi.eps>
(epstopdf)             \includegraphics on input line 23.
Package epstopdf Info: Output file is already uptodate.

<Figures/VQ/TimeSeries/Phi-eps-converted-to.pdf, id=1394, 387.4475pt x 138.5175
pt>
File: Figures/VQ/TimeSeries/Phi-eps-converted-to.pdf Graphic file (type pdf)
 <use Figures/VQ/TimeSeries/Phi-eps-converted-to.pdf>
Package pdftex.def Info: Figures/VQ/TimeSeries/Phi-eps-converted-to.pdf used on
 input line 23.
(pdftex.def)             Requested size: 173.44534pt x 62.00891pt.
Package epstopdf Info: Source file: <Figures/VQ/TimeSeries/Psi.eps>
(epstopdf)                    date: 2013-06-12 15:09:58
(epstopdf)                    size: 127960 bytes
(epstopdf)             Output file: <Figures/VQ/TimeSeries/Psi-eps-converted-to
.pdf>
(epstopdf)                    date: 2013-06-12 15:19:25
(epstopdf)                    size: 7453 bytes
(epstopdf)             Command: <epstopdf --outfile=Figures/VQ/TimeSeries/Psi-e
ps-converted-to.pdf Figures/VQ/TimeSeries/Psi.eps>
(epstopdf)             \includegraphics on input line 30.
Package epstopdf Info: Output file is already uptodate.

<Figures/VQ/TimeSeries/Psi-eps-converted-to.pdf, id=1395, 387.4475pt x 138.5175
pt>
File: Figures/VQ/TimeSeries/Psi-eps-converted-to.pdf Graphic file (type pdf)
 <use Figures/VQ/TimeSeries/Psi-eps-converted-to.pdf>
Package pdftex.def Info: Figures/VQ/TimeSeries/Psi-eps-converted-to.pdf used on
 input line 30.
(pdftex.def)             Requested size: 173.44534pt x 62.00891pt.
Package epstopdf Info: Source file: <Figures/VQ/TimeSeries/Helix.eps>
(epstopdf)                    date: 2013-05-22 15:18:04
(epstopdf)                    size: 113086 bytes
(epstopdf)             Output file: <Figures/VQ/TimeSeries/Helix-eps-converted-
to.pdf>
(epstopdf)                    date: 2013-06-12 15:19:26
(epstopdf)                    size: 6497 bytes
(epstopdf)             Command: <epstopdf --outfile=Figures/VQ/TimeSeries/Helix
-eps-converted-to.pdf Figures/VQ/TimeSeries/Helix.eps>
(epstopdf)             \includegraphics on input line 38.
Package epstopdf Info: Output file is already uptodate.

<Figures/VQ/TimeSeries/Helix-eps-converted-to.pdf, id=1396, 381.425pt x 139.521
26pt>
File: Figures/VQ/TimeSeries/Helix-eps-converted-to.pdf Graphic file (type pdf)
 <use Figures/VQ/TimeSeries/Helix-eps-converted-to.pdf>
Package pdftex.def Info: Figures/VQ/TimeSeries/Helix-eps-converted-to.pdf used 
on input line 38.
(pdftex.def)             Requested size: 173.44534pt x 63.44394pt.
Package epstopdf Info: Source file: <Figures/VQ/TimeSeries/SolAcc.eps>
(epstopdf)                    date: 2013-05-22 15:18:04
(epstopdf)                    size: 112644 bytes
(epstopdf)             Output file: <Figures/VQ/TimeSeries/SolAcc-eps-converted
-to.pdf>
(epstopdf)                    date: 2013-06-12 15:19:26
(epstopdf)                    size: 6220 bytes
(epstopdf)             Command: <epstopdf --outfile=Figures/VQ/TimeSeries/SolAc
c-eps-converted-to.pdf Figures/VQ/TimeSeries/SolAcc.eps>
(epstopdf)             \includegraphics on input line 45.
Package epstopdf Info: Output file is already uptodate.

<Figures/VQ/TimeSeries/SolAcc-eps-converted-to.pdf, id=1397, 377.41pt x 140.525
pt>
File: Figures/VQ/TimeSeries/SolAcc-eps-converted-to.pdf Graphic file (type pdf)

 <use Figures/VQ/TimeSeries/SolAcc-eps-converted-to.pdf>
Package pdftex.def Info: Figures/VQ/TimeSeries/SolAcc-eps-converted-to.pdf used
 on input line 45.
(pdftex.def)             Requested size: 173.44534pt x 64.5801pt.

Underfull \vbox (badness 10000) has occurred while \output is active []

 [27])
[28 <./Figures/VQ/TimeSeries/Kappa-eps-converted-to.pdf> <./Figures/VQ/TimeSeri
es/Alpha-eps-converted-to.pdf> <./Figures/VQ/TimeSeries/Phi-eps-converted-to.pd
f> <./Figures/VQ/TimeSeries/Psi-eps-converted-to.pdf> <./Figures/VQ/TimeSeries/
Helix-eps-converted-to.pdf> <./Figures/VQ/TimeSeries/SolAcc-eps-converted-to.pd
f>] <Figures/vq/VQ_FIG.pdf, id=1513, 586.19pt x 747.79375pt>
File: Figures/vq/VQ_FIG.pdf Graphic file (type pdf)

<use Figures/vq/VQ_FIG.pdf>
Package pdftex.def Info: Figures/vq/VQ_FIG.pdf used on input line 42.
(pdftex.def)             Requested size: 216.81pt x 276.57666pt.
) (./vq_methods.tex
Underfull \vbox (badness 10000) has occurred while \output is active []

 [29 <./Figures/vq/VQ_FIG.pdf>]
Underfull \vbox (badness 3229) has occurred while \output is active []

 [30]
[31]) (./vq_properties.tex [32]
Package epstopdf Info: Source file: <Figures/VQ/phi_psi.eps>
(epstopdf)                    date: 2013-05-22 15:18:02
(epstopdf)                    size: 810662 bytes
(epstopdf)             Output file: <Figures/VQ/phi_psi-eps-converted-to.pdf>
(epstopdf)                    date: 2013-05-22 15:18:02
(epstopdf)                    size: 58615 bytes
(epstopdf)             Command: <epstopdf --outfile=Figures/VQ/phi_psi-eps-conv
erted-to.pdf Figures/VQ/phi_psi.eps>
(epstopdf)             \includegraphics on input line 25.
Package epstopdf Info: Output file is already uptodate.

<Figures/VQ/phi_psi-eps-converted-to.pdf, id=1622, 572.1375pt x 251.94125pt>
File: Figures/VQ/phi_psi-eps-converted-to.pdf Graphic file (type pdf)

<use Figures/VQ/phi_psi-eps-converted-to.pdf>
Package pdftex.def Info: Figures/VQ/phi_psi-eps-converted-to.pdf used on input 
line 25.
(pdftex.def)             Requested size: 173.44534pt x 76.37488pt.

<Figures/VQ/kappa_alpha.pdf, id=1623, 489.92085pt x 485.62334pt>
File: Figures/VQ/kappa_alpha.pdf Graphic file (type pdf)

<use Figures/VQ/kappa_alpha.pdf>
Package pdftex.def Info: Figures/VQ/kappa_alpha.pdf used on input line 32.
(pdftex.def)             Requested size: 129.17055pt x 128.0374pt.
 [33 <./Figures/VQ/phi_psi-eps-converted-to.pdf> <./Figures/VQ/kappa_alpha.pdf>
]) (./vq_experiments_and_data.tex

LaTeX Warning: `h' float specifier changed to `ht'.

[34] [35]) (./vq_results.tex [36]
Overfull \hbox (12.42697pt too wide) in paragraph at lines 16--17
[]\OT1/cmr/m/n/10 In gen-eral all structure-based prop-er-ties out-per-formed s
equence-based prop-er-ties. Among sequence-
 []

(./Figures/VQ/SCOP_table.tex
LaTeX Font Info:    Try loading font information for OMS+cmr on input line 35.

(/usr/local/texlive/2011/texmf-dist/tex/latex/base/omscmr.fd
File: omscmr.fd 1999/05/25 v2.5h Standard LaTeX font definitions
)
LaTeX Font Info:    Font shape `OMS/cmr/m/n' in size <10> not available
(Font)              Font shape `OMS/cmsy/m/n' tried instead on input line 35.


LaTeX Warning: `h' float specifier changed to `ht'.

) (./Figures/vq/GO_table.tex [37] [38]) [39

]
(./Figures/VQ/SCOP_ROC/SCOP_ROC.tex
Package epstopdf Info: Source file: <Figures/vq/SCOP_ROC/all_alpha_ROC.eps>
(epstopdf)                    date: 2013-05-22 15:18:02
(epstopdf)                    size: 10239 bytes
(epstopdf)             Output file: <Figures/vq/SCOP_ROC/all_alpha_ROC-eps-conv
erted-to.pdf>
(epstopdf)                    date: 2013-05-22 15:18:02
(epstopdf)                    size: 8258 bytes
(epstopdf)             Command: <epstopdf --outfile=Figures/vq/SCOP_ROC/all_alp
ha_ROC-eps-converted-to.pdf Figures/vq/SCOP_ROC/all_alpha_ROC.eps>
(epstopdf)             \includegraphics on input line 5.
Package epstopdf Info: Output file is already uptodate.

<Figures/vq/SCOP_ROC/all_alpha_ROC-eps-converted-to.pdf, id=1787, 255.95625pt x
 252.945pt>
File: Figures/vq/SCOP_ROC/all_alpha_ROC-eps-converted-to.pdf Graphic file (type
 pdf)
 <use Figures/vq/SCOP_ROC/all_alpha_ROC-eps-converted-to.pdf>
Package pdftex.def Info: Figures/vq/SCOP_ROC/all_alpha_ROC-eps-converted-to.pdf
 used on input line 5.
(pdftex.def)             Requested size: 99.73074pt x 98.55551pt.
Package epstopdf Info: Source file: <Figures/vq/SCOP_ROC/all_beta_ROC.eps>
(epstopdf)                    date: 2013-05-22 15:18:02
(epstopdf)                    size: 9981 bytes
(epstopdf)             Output file: <Figures/vq/SCOP_ROC/all_beta_ROC-eps-conve
rted-to.pdf>
(epstopdf)                    date: 2013-05-22 15:18:02
(epstopdf)                    size: 8076 bytes
(epstopdf)             Command: <epstopdf --outfile=Figures/vq/SCOP_ROC/all_bet
a_ROC-eps-converted-to.pdf Figures/vq/SCOP_ROC/all_beta_ROC.eps>
(epstopdf)             \includegraphics on input line 12.
Package epstopdf Info: Output file is already uptodate.

<Figures/vq/SCOP_ROC/all_beta_ROC-eps-converted-to.pdf, id=1788, 255.95625pt x 
252.945pt>
File: Figures/vq/SCOP_ROC/all_beta_ROC-eps-converted-to.pdf Graphic file (type 
pdf)
 <use Figures/vq/SCOP_ROC/all_beta_ROC-eps-converted-to.pdf>
Package pdftex.def Info: Figures/vq/SCOP_ROC/all_beta_ROC-eps-converted-to.pdf 
used on input line 12.
(pdftex.def)             Requested size: 99.73074pt x 98.55551pt.
Package epstopdf Info: Source file: <Figures/vq/SCOP_ROC/alpha_div_beta_ROC.eps
>
(epstopdf)                    date: 2013-05-22 15:18:02
(epstopdf)                    size: 10221 bytes
(epstopdf)             Output file: <Figures/vq/SCOP_ROC/alpha_div_beta_ROC-eps
-converted-to.pdf>
(epstopdf)                    date: 2013-05-22 15:18:02
(epstopdf)                    size: 8532 bytes
(epstopdf)             Command: <epstopdf --outfile=Figures/vq/SCOP_ROC/alpha_d
iv_beta_ROC-eps-converted-to.pdf Figures/vq/SCOP_ROC/alpha_div_beta_ROC.eps>
(epstopdf)             \includegraphics on input line 19.
Package epstopdf Info: Output file is already uptodate.

<Figures/vq/SCOP_ROC/alpha_div_beta_ROC-eps-converted-to.pdf, id=1789, 255.9562
5pt x 252.945pt>
File: Figures/vq/SCOP_ROC/alpha_div_beta_ROC-eps-converted-to.pdf Graphic file 
(type pdf)

<use Figures/vq/SCOP_ROC/alpha_div_beta_ROC-eps-converted-to.pdf>
Package pdftex.def Info: Figures/vq/SCOP_ROC/alpha_div_beta_ROC-eps-converted-t
o.pdf used on input line 19.
(pdftex.def)             Requested size: 99.73074pt x 98.55551pt.
Package epstopdf Info: Source file: <Figures/vq/SCOP_ROC/alpha_plus_beta_ROC.ep
s>
(epstopdf)                    date: 2013-05-22 15:18:02
(epstopdf)                    size: 10000 bytes
(epstopdf)             Output file: <Figures/vq/SCOP_ROC/alpha_plus_beta_ROC-ep
s-converted-to.pdf>
(epstopdf)                    date: 2013-05-22 15:18:02
(epstopdf)                    size: 8350 bytes
(epstopdf)             Command: <epstopdf --outfile=Figures/vq/SCOP_ROC/alpha_p
lus_beta_ROC-eps-converted-to.pdf Figures/vq/SCOP_ROC/alpha_plus_beta_ROC.eps>
(epstopdf)             \includegraphics on input line 26.
Package epstopdf Info: Output file is already uptodate.

<Figures/vq/SCOP_ROC/alpha_plus_beta_ROC-eps-converted-to.pdf, id=1790, 255.956
25pt x 252.945pt>
File: Figures/vq/SCOP_ROC/alpha_plus_beta_ROC-eps-converted-to.pdf Graphic file
 (type pdf)

<use Figures/vq/SCOP_ROC/alpha_plus_beta_ROC-eps-converted-to.pdf>
Package pdftex.def Info: Figures/vq/SCOP_ROC/alpha_plus_beta_ROC-eps-converted-
to.pdf used on input line 26.
(pdftex.def)             Requested size: 99.73074pt x 98.55551pt.
)
(./Figures/vq/GO_SC_ROC/GO_SC_ROC.tex
Package epstopdf Info: Source file: <Figures/vq/GO_SC_ROC/hydrolase_activity_RO
C.eps>
(epstopdf)                    date: 2013-05-22 15:18:02
(epstopdf)                    size: 9187 bytes
(epstopdf)             Output file: <Figures/vq/GO_SC_ROC/hydrolase_activity_RO
C-eps-converted-to.pdf>
(epstopdf)                    date: 2013-05-22 15:18:02
(epstopdf)                    size: 7759 bytes
(epstopdf)             Command: <epstopdf --outfile=Figures/vq/GO_SC_ROC/hydrol
ase_activity_ROC-eps-converted-to.pdf Figures/vq/GO_SC_ROC/hydrolase_activity_R
OC.eps>
(epstopdf)             \includegraphics on input line 8.
Package epstopdf Info: Output file is already uptodate.

<Figures/vq/GO_SC_ROC/hydrolase_activity_ROC-eps-converted-to.pdf, id=1791, 255
.95625pt x 253.94875pt>
File: Figures/vq/GO_SC_ROC/hydrolase_activity_ROC-eps-converted-to.pdf Graphic 
file (type pdf)

<use Figures/vq/GO_SC_ROC/hydrolase_activity_ROC-eps-converted-to.pdf>
Package pdftex.def Info: Figures/vq/GO_SC_ROC/hydrolase_activity_ROC-eps-conver
ted-to.pdf used on input line 8.
(pdftex.def)             Requested size: 108.405pt x 107.55286pt.
Package epstopdf Info: Source file: <Figures/vq/GO_SC_ROC/isomerase_activity_RO
C.eps>
(epstopdf)                    date: 2013-05-22 15:18:02
(epstopdf)                    size: 9018 bytes
(epstopdf)             Output file: <Figures/vq/GO_SC_ROC/isomerase_activity_RO
C-eps-converted-to.pdf>
(epstopdf)                    date: 2013-05-22 15:18:02
(epstopdf)                    size: 7195 bytes
(epstopdf)             Command: <epstopdf --outfile=Figures/vq/GO_SC_ROC/isomer
ase_activity_ROC-eps-converted-to.pdf Figures/vq/GO_SC_ROC/isomerase_activity_R
OC.eps>
(epstopdf)             \includegraphics on input line 15.
Package epstopdf Info: Output file is already uptodate.

<Figures/vq/GO_SC_ROC/isomerase_activity_ROC-eps-converted-to.pdf, id=1792, 255
.95625pt x 253.94875pt>
File: Figures/vq/GO_SC_ROC/isomerase_activity_ROC-eps-converted-to.pdf Graphic 
file (type pdf)

<use Figures/vq/GO_SC_ROC/isomerase_activity_ROC-eps-converted-to.pdf>
Package pdftex.def Info: Figures/vq/GO_SC_ROC/isomerase_activity_ROC-eps-conver
ted-to.pdf used on input line 15.
(pdftex.def)             Requested size: 108.405pt x 107.55286pt.
Package epstopdf Info: Source file: <Figures/vq/GO_SC_ROC/ligase_activity_ROC.e
ps>
(epstopdf)                    date: 2013-05-22 15:18:02
(epstopdf)                    size: 8825 bytes
(epstopdf)             Output file: <Figures/vq/GO_SC_ROC/ligase_activity_ROC-e
ps-converted-to.pdf>
(epstopdf)                    date: 2013-05-22 15:18:02
(epstopdf)                    size: 7348 bytes
(epstopdf)             Command: <epstopdf --outfile=Figures/vq/GO_SC_ROC/ligase
_activity_ROC-eps-converted-to.pdf Figures/vq/GO_SC_ROC/ligase_activity_ROC.eps
>
(epstopdf)             \includegraphics on input line 22.
Package epstopdf Info: Output file is already uptodate.

<Figures/vq/GO_SC_ROC/ligase_activity_ROC-eps-converted-to.pdf, id=1793, 255.95
625pt x 253.94875pt>
File: Figures/vq/GO_SC_ROC/ligase_activity_ROC-eps-converted-to.pdf Graphic fil
e (type pdf)

<use Figures/vq/GO_SC_ROC/ligase_activity_ROC-eps-converted-to.pdf>
Package pdftex.def Info: Figures/vq/GO_SC_ROC/ligase_activity_ROC-eps-converted
-to.pdf used on input line 22.
(pdftex.def)             Requested size: 108.405pt x 107.55286pt.
Package epstopdf Info: Source file: <Figures/vq/GO_SC_ROC/lyase_activity_ROC.ep
s>
(epstopdf)                    date: 2013-05-22 15:18:02
(epstopdf)                    size: 9081 bytes
(epstopdf)             Output file: <Figures/vq/GO_SC_ROC/lyase_activity_ROC-ep
s-converted-to.pdf>
(epstopdf)                    date: 2013-05-22 15:18:02
(epstopdf)                    size: 7410 bytes
(epstopdf)             Command: <epstopdf --outfile=Figures/vq/GO_SC_ROC/lyase_
activity_ROC-eps-converted-to.pdf Figures/vq/GO_SC_ROC/lyase_activity_ROC.eps>
(epstopdf)             \includegraphics on input line 29.
Package epstopdf Info: Output file is already uptodate.

<Figures/vq/GO_SC_ROC/lyase_activity_ROC-eps-converted-to.pdf, id=1794, 255.956
25pt x 253.94875pt>
File: Figures/vq/GO_SC_ROC/lyase_activity_ROC-eps-converted-to.pdf Graphic file
 (type pdf)

<use Figures/vq/GO_SC_ROC/lyase_activity_ROC-eps-converted-to.pdf>
Package pdftex.def Info: Figures/vq/GO_SC_ROC/lyase_activity_ROC-eps-converted-
to.pdf used on input line 29.
(pdftex.def)             Requested size: 108.405pt x 107.55286pt.
Package epstopdf Info: Source file: <Figures/vq/GO_SC_ROC/oxidoreductase_activi
ty_ROC.eps>
(epstopdf)                    date: 2013-05-22 15:18:02
(epstopdf)                    size: 9022 bytes
(epstopdf)             Output file: <Figures/vq/GO_SC_ROC/oxidoreductase_activi
ty_ROC-eps-converted-to.pdf>
(epstopdf)                    date: 2013-05-22 15:18:02
(epstopdf)                    size: 7360 bytes
(epstopdf)             Command: <epstopdf --outfile=Figures/vq/GO_SC_ROC/oxidor
eductase_activity_ROC-eps-converted-to.pdf Figures/vq/GO_SC_ROC/oxidoreductase_
activity_ROC.eps>
(epstopdf)             \includegraphics on input line 36.
Package epstopdf Info: Output file is already uptodate.

<Figures/vq/GO_SC_ROC/oxidoreductase_activity_ROC-eps-converted-to.pdf, id=1795
, 255.95625pt x 253.94875pt>
File: Figures/vq/GO_SC_ROC/oxidoreductase_activity_ROC-eps-converted-to.pdf Gra
phic file (type pdf)

<use Figures/vq/GO_SC_ROC/oxidoreductase_activity_ROC-eps-converted-to.pdf>
Package pdftex.def Info: Figures/vq/GO_SC_ROC/oxidoreductase_activity_ROC-eps-c
onverted-to.pdf used on input line 36.
(pdftex.def)             Requested size: 108.405pt x 107.55286pt.
Package epstopdf Info: Source file: <Figures/vq/GO_SC_ROC/transferase_activity_
ROC.eps>
(epstopdf)                    date: 2013-05-22 15:18:02
(epstopdf)                    size: 8853 bytes
(epstopdf)             Output file: <Figures/vq/GO_SC_ROC/transferase_activity_
ROC-eps-converted-to.pdf>
(epstopdf)                    date: 2013-05-22 15:18:02
(epstopdf)                    size: 7480 bytes
(epstopdf)             Command: <epstopdf --outfile=Figures/vq/GO_SC_ROC/transf
erase_activity_ROC-eps-converted-to.pdf Figures/vq/GO_SC_ROC/transferase_activi
ty_ROC.eps>
(epstopdf)             \includegraphics on input line 43.
Package epstopdf Info: Output file is already uptodate.

<Figures/vq/GO_SC_ROC/transferase_activity_ROC-eps-converted-to.pdf, id=1796, 2
55.95625pt x 253.94875pt>
File: Figures/vq/GO_SC_ROC/transferase_activity_ROC-eps-converted-to.pdf Graphi
c file (type pdf)

<use Figures/vq/GO_SC_ROC/transferase_activity_ROC-eps-converted-to.pdf>
Package pdftex.def Info: Figures/vq/GO_SC_ROC/transferase_activity_ROC-eps-conv
erted-to.pdf used on input line 43.
(pdftex.def)             Requested size: 108.405pt x 107.55286pt.
)
[40 <./Figures/vq/SCOP_ROC/all_alpha_ROC-eps-converted-to.pdf> <./Figures/vq/SC
OP_ROC/all_beta_ROC-eps-converted-to.pdf> <./Figures/vq/SCOP_ROC/alpha_div_beta
_ROC-eps-converted-to.pdf> <./Figures/vq/SCOP_ROC/alpha_plus_beta_ROC-eps-conve
rted-to.pdf>] [41 <./Figures/vq/GO_SC_ROC/hydrolase_activity_ROC-eps-converted-
to.pdf> <./Figures/vq/GO_SC_ROC/isomerase_activity_ROC-eps-converted-to.pdf> <.
/Figures/vq/GO_SC_ROC/ligase_activity_ROC-eps-converted-to.pdf> <./Figures/vq/G
O_SC_ROC/lyase_activity_ROC-eps-converted-to.pdf> <./Figures/vq/GO_SC_ROC/oxido
reductase_activity_ROC-eps-converted-to.pdf> <./Figures/vq/GO_SC_ROC/transferas
e_activity_ROC-eps-converted-to.pdf>]

Package hyperref Warning: Token not allowed in a PDF string (PDFDocEncoding):
(hyperref)                removing `math shift' on input line 100.


Package hyperref Warning: Token not allowed in a PDF string (PDFDocEncoding):
(hyperref)                removing `math shift' on input line 100.


Package hyperref Warning: Token not allowed in a PDF string (PDFDocEncoding):
(hyperref)                removing `math shift' on input line 100.


Package hyperref Warning: Token not allowed in a PDF string (PDFDocEncoding):
(hyperref)                removing `math shift' on input line 100.

Package epstopdf Info: Source file: <Figures/vq/SCOP_SNR_AUC.eps>
(epstopdf)                    date: 2013-06-08 00:36:19
(epstopdf)                    size: 1048914 bytes
(epstopdf)             Output file: <Figures/vq/SCOP_SNR_AUC-eps-converted-to.p
df>
(epstopdf)                    date: 2013-06-08 00:36:35
(epstopdf)                    size: 50969 bytes
(epstopdf)             Command: <epstopdf --outfile=Figures/vq/SCOP_SNR_AUC-eps
-converted-to.pdf Figures/vq/SCOP_SNR_AUC.eps>
(epstopdf)             \includegraphics on input line 104.
Package epstopdf Info: Output file is already uptodate.

<Figures/vq/SCOP_SNR_AUC-eps-converted-to.pdf, id=1869, 563.10374pt x 511.9125p
t>
File: Figures/vq/SCOP_SNR_AUC-eps-converted-to.pdf Graphic file (type pdf)
 <use Figures/vq/SCOP_SNR_AUC-eps-converted-to.pdf>
Package pdftex.def Info: Figures/vq/SCOP_SNR_AUC-eps-converted-to.pdf used on i
nput line 104.
(pdftex.def)             Requested size: 281.85034pt x 256.229pt.


LaTeX Warning: `!h' float specifier changed to `!ht'.

Package epstopdf Info: Source file: <Figures/VQ/NR40CA.eps>
(epstopdf)                    date: 2013-04-25 09:47:46
(epstopdf)                    size: 9090 bytes
(epstopdf)             Output file: <Figures/VQ/NR40CA-eps-converted-to.pdf>
(epstopdf)                    date: 2013-06-08 00:28:25
(epstopdf)                    size: 7405 bytes
(epstopdf)             Command: <epstopdf --outfile=Figures/VQ/NR40CA-eps-conve
rted-to.pdf Figures/VQ/NR40CA.eps>
(epstopdf)             \includegraphics on input line 143.
Package epstopdf Info: Output file is already uptodate.
<Figures/VQ/NR40CA-eps-converted-to.pdf, id=1870, 255.95625pt x 252.945pt>
File: Figures/VQ/NR40CA-eps-converted-to.pdf Graphic file (type pdf)

<use Figures/VQ/NR40CA-eps-converted-to.pdf>
Package pdftex.def Info: Figures/VQ/NR40CA-eps-converted-to.pdf used on input l
ine 143.
(pdftex.def)             Requested size: 238.49231pt x 235.68799pt.


LaTeX Warning: `!h' float specifier changed to `!ht'.

[42]) (./vq_discussion.tex [43 <./Figures/vq/SCOP_SNR_AUC-eps-converted-to.pdf>
] [44 <./Figures/VQ/NR40CA-eps-converted-to.pdf>])) (./rumi.tex [45]
Chapter 4

Underfull \vbox (badness 10000) has occurred while \output is active []

 [46


]
Underfull \vbox (badness 10000) has occurred while \output is active []

 [47]
[48]
Underfull \vbox (badness 10000) has occurred while \output is active []

 [49]
(./rumi_methods.tex [50] [51]
<Figures/rumi/full_joint_ontology.pdf, id=1995, 417.19725pt x 322.40901pt>
File: Figures/rumi/full_joint_ontology.pdf Graphic file (type pdf)

<use Figures/rumi/full_joint_ontology.pdf>
Package pdftex.def Info: Figures/rumi/full_joint_ontology.pdf used on input lin
e 42.
(pdftex.def)             Requested size: 250.32028pt x 193.44688pt.
 [52 <./Figures/rumi/full_joint_ontology.pdf>] [53] [54]
<Figures/rumi/ontology_table_v04.pdf, id=2044, 346.29375pt x 180.675pt>
File: Figures/rumi/ontology_table_v04.pdf Graphic file (type pdf)

<use Figures/rumi/ontology_table_v04.pdf>
Package pdftex.def Info: Figures/rumi/ontology_table_v04.pdf used on input line
 137.
(pdftex.def)             Requested size: 242.40396pt x 126.47162pt.
 [55] [56 <./Figures/rumi/ontology_table_v04.pdf>]
<Figures/rumi/ontology-rumi_v04.pdf, id=2080, 280.04625pt x 202.7575pt>
File: Figures/rumi/ontology-rumi_v04.pdf Graphic file (type pdf)

<use Figures/rumi/ontology-rumi_v04.pdf>
Package pdftex.def Info: Figures/rumi/ontology-rumi_v04.pdf used on input line 
192.
(pdftex.def)             Requested size: 196.03102pt x 141.92928pt.
 [57] [58 <./Figures/rumi/ontology-rumi_v04.pdf>] [59] [60] [61] [62] [63]) (./
rumi_confusion.tex

Package hyperref Warning: Token not allowed in a PDF string (PDFDocEncoding):
(hyperref)                removing `math shift' on input line 3.


Package hyperref Warning: Token not allowed in a PDF string (PDFDocEncoding):
(hyperref)                removing `math shift' on input line 3.


Package hyperref Warning: Token not allowed in a PDF string (PDFDocEncoding):
(hyperref)                removing `math shift' on input line 3.


Package hyperref Warning: Token not allowed in a PDF string (PDFDocEncoding):
(hyperref)                removing `math shift' on input line 3.

[64]) (./sdproof.tex
Package epstopdf Info: Source file: <Figures/sdproof/venn.eps>
(epstopdf)                    date: 2013-05-22 15:18:00
(epstopdf)                    size: 519782 bytes
(epstopdf)             Output file: <Figures/sdproof/venn-eps-converted-to.pdf>

(epstopdf)                    date: 2013-05-22 15:18:00
(epstopdf)                    size: 20924 bytes
(epstopdf)             Command: <epstopdf --outfile=Figures/sdproof/venn-eps-co
nverted-to.pdf Figures/sdproof/venn.eps>
(epstopdf)             \includegraphics on input line 24.
Package epstopdf Info: Output file is already uptodate.

<Figures/sdproof/venn-eps-converted-to.pdf, id=2208, 179.67125pt x 143.53625pt>
File: Figures/sdproof/venn-eps-converted-to.pdf Graphic file (type pdf)
<use Figures/sdproof/venn-eps-converted-to.pdf>
Package pdftex.def Info: Figures/sdproof/venn-eps-converted-to.pdf used on inpu
t line 24.
(pdftex.def)             Requested size: 195.12767pt x 155.8951pt.


LaTeX Warning: `!h' float specifier changed to `!ht'.

[65]
Underfull \vbox (badness 1360) has occurred while \output is active []

 [66 <./Figures/sdproof/venn-eps-converted-to.pdf>]) (./rumi_annotation_models.
tex [67])
(./rumi_results.tex [68]
<Figures/rumi/Figure3.pdf, id=2241, 498.86375pt x 197.73875pt>
File: Figures/rumi/Figure3.pdf Graphic file (type pdf)

<use Figures/rumi/Figure3.pdf>
Package pdftex.def Info: Figures/rumi/Figure3.pdf used on input line 23.
(pdftex.def)             Requested size: 368.57964pt x 146.1011pt.


LaTeX Warning: `!h' float specifier changed to `!ht'.

[69] <Figures/rumi/Figure4.pdf, id=2249, 503.8825pt x 433.62pt>
File: Figures/rumi/Figure4.pdf Graphic file (type pdf)

<use Figures/rumi/Figure4.pdf>
Package pdftex.def Info: Figures/rumi/Figure4.pdf used on input line 46.
(pdftex.def)             Requested size: 433.62pt x 373.15736pt.


LaTeX Warning: `!h' float specifier changed to `!ht'.

[70 <./Figures/rumi/Figure3.pdf>] [71 <./Figures/rumi/Figure4.pdf>]
<Figures/rumi/S4.pdf, id=2301, 376.40625pt x 291.0875pt>
File: Figures/rumi/S4.pdf Graphic file (type pdf)

<use Figures/rumi/S4.pdf>
Package pdftex.def Info: Figures/rumi/S4.pdf used on input line 63.
(pdftex.def)             Requested size: 368.57964pt x 285.05504pt.


LaTeX Warning: `!h' float specifier changed to `!ht'.

<Figures/rumi/S1.pdf, id=2311, 494.84875pt x 433.62pt>
File: Figures/rumi/S1.pdf Graphic file (type pdf)

<use Figures/rumi/S1.pdf>
Package pdftex.def Info: Figures/rumi/S1.pdf used on input line 80.
(pdftex.def)             Requested size: 433.62pt x 379.96573pt.


LaTeX Warning: `!h' float specifier changed to `!ht'.

<Figures/rumi/S2.pdf, id=2316, 494.84875pt x 433.62pt>
File: Figures/rumi/S2.pdf Graphic file (type pdf)

<use Figures/rumi/S2.pdf>
Package pdftex.def Info: Figures/rumi/S2.pdf used on input line 92.
(pdftex.def)             Requested size: 433.62pt x 379.96573pt.


LaTeX Warning: `!h' float specifier changed to `!ht'.

<Figures/rumi/S3.pdf, id=2325, 371.3875pt x 344.28625pt>
File: Figures/rumi/S3.pdf Graphic file (type pdf)

<use Figures/rumi/S3.pdf>
Package pdftex.def Info: Figures/rumi/S3.pdf used on input line 107.
(pdftex.def)             Requested size: 368.57964pt x 341.69023pt.

Underfull \vbox (badness 10000) has occurred while \output is active []

 [72]

LaTeX Warning: `!h' float specifier changed to `!ht'.

[73 <./Figures/rumi/S4.pdf>] [74 <./Figures/rumi/S1.pdf>] [75 <./Figures/rumi/S
2.pdf>] [76 <./Figures/rumi/S3.pdf>]

LaTeX Warning: `!h' float specifier changed to `!ht'.

)
Underfull \vbox (badness 2635) has occurred while \output is active []

 [77]
[78]
Underfull \vbox (badness 1383) has occurred while \output is active []

 [79])
(./oc.tex [80] [81]
Chapter 5

Underfull \vbox (badness 10000) has occurred while \output is active []

 [82


]
Package epstopdf Info: Source file: <Figures/oc/Figure_S1A.eps>
(epstopdf)                    date: 2013-05-22 15:17:54
(epstopdf)                    size: 964290 bytes
(epstopdf)             Output file: <Figures/oc/Figure_S1A-eps-converted-to.pdf
>
(epstopdf)                    date: 2013-05-22 15:17:54
(epstopdf)                    size: 16745 bytes
(epstopdf)             Command: <epstopdf --outfile=Figures/oc/Figure_S1A-eps-c
onverted-to.pdf Figures/oc/Figure_S1A.eps>
(epstopdf)             \includegraphics on input line 40.
Package epstopdf Info: Output file is already uptodate.

<Figures/oc/Figure_S1A-eps-converted-to.pdf, id=2567, 591.20876pt x 427.5975pt>
File: Figures/oc/Figure_S1A-eps-converted-to.pdf Graphic file (type pdf)
<use Figures/oc/Figure_S1A-eps-converted-to.pdf>
Package pdftex.def Info: Figures/oc/Figure_S1A-eps-converted-to.pdf used on inp
ut line 40.
(pdftex.def)             Requested size: 173.44534pt x 125.44203pt.
Package epstopdf Info: Source file: <Figures/oc/Figure_S1B.eps>
(epstopdf)                    date: 2013-05-22 15:17:54
(epstopdf)                    size: 919246 bytes
(epstopdf)             Output file: <Figures/oc/Figure_S1B-eps-converted-to.pdf
>
(epstopdf)                    date: 2013-05-22 15:17:54
(epstopdf)                    size: 12831 bytes
(epstopdf)             Command: <epstopdf --outfile=Figures/oc/Figure_S1B-eps-c
onverted-to.pdf Figures/oc/Figure_S1B.eps>
(epstopdf)             \includegraphics on input line 47.
Package epstopdf Info: Output file is already uptodate.

<Figures/oc/Figure_S1B-eps-converted-to.pdf, id=2568, 568.1225pt x 419.5675pt>
File: Figures/oc/Figure_S1B-eps-converted-to.pdf Graphic file (type pdf)

<use Figures/oc/Figure_S1B-eps-converted-to.pdf>
Package pdftex.def Info: Figures/oc/Figure_S1B-eps-converted-to.pdf used on inp
ut line 47.
(pdftex.def)             Requested size: 173.44534pt x 128.09273pt.

Underfull \vbox (badness 10000) has occurred while \output is active []

 [83]
[84 <./Figures/oc/Figure_S1A-eps-converted-to.pdf> <./Figures/oc/Figure_S1B-eps
-converted-to.pdf>] (./Figures/oc/oc1_mfo.tex
<Figures/oc/new_results/human_mouse_mfo_2.pdf, id=2641, 425.59pt x 222.8325pt>
File: Figures/oc/new_results/human_mouse_mfo_2.pdf Graphic file (type pdf)

<use Figures/oc/new_results/human_mouse_mfo_2.pdf>
Package pdftex.def Info: Figures/oc/new_results/human_mouse_mfo_2.pdf used on i
nput line 8.
(pdftex.def)             Requested size: 195.12767pt x 102.16757pt.

<Figures/oc/new_results/human_rat_mfo_2.pdf, id=2642, 425.59pt x 222.8325pt>
File: Figures/oc/new_results/human_rat_mfo_2.pdf Graphic file (type pdf)

<use Figures/oc/new_results/human_rat_mfo_2.pdf>
Package pdftex.def Info: Figures/oc/new_results/human_rat_mfo_2.pdf used on inp
ut line 15.
(pdftex.def)             Requested size: 195.12767pt x 102.16757pt.

<Figures/oc/new_results/mouse_rat_mfo_2.pdf, id=2643, 425.59pt x 222.8325pt>
File: Figures/oc/new_results/mouse_rat_mfo_2.pdf Graphic file (type pdf)

<use Figures/oc/new_results/mouse_rat_mfo_2.pdf>
Package pdftex.def Info: Figures/oc/new_results/mouse_rat_mfo_2.pdf used on inp
ut line 22.
(pdftex.def)             Requested size: 195.12767pt x 102.16757pt.

<Figures/oc/new_results/worm_fly_mfo_2.pdf, id=2644, 425.59pt x 222.8325pt>
File: Figures/oc/new_results/worm_fly_mfo_2.pdf Graphic file (type pdf)

<use Figures/oc/new_results/worm_fly_mfo_2.pdf>
Package pdftex.def Info: Figures/oc/new_results/worm_fly_mfo_2.pdf used on inpu
t line 29.
(pdftex.def)             Requested size: 195.12767pt x 102.16757pt.
) (./Figures/oc/oc1_bpo.tex
<Figures/oc/new_results/human_mouse_bpo_2.pdf, id=2645, 425.59pt x 222.8325pt>
File: Figures/oc/new_results/human_mouse_bpo_2.pdf Graphic file (type pdf)

<use Figures/oc/new_results/human_mouse_bpo_2.pdf>
Package pdftex.def Info: Figures/oc/new_results/human_mouse_bpo_2.pdf used on i
nput line 8.
(pdftex.def)             Requested size: 195.12767pt x 102.16757pt.

<Figures/oc/new_results/human_rat_bpo_2.pdf, id=2646, 425.59pt x 222.8325pt>
File: Figures/oc/new_results/human_rat_bpo_2.pdf Graphic file (type pdf)

<use Figures/oc/new_results/human_rat_bpo_2.pdf>
Package pdftex.def Info: Figures/oc/new_results/human_rat_bpo_2.pdf used on inp
ut line 15.
(pdftex.def)             Requested size: 195.12767pt x 102.16757pt.

<Figures/oc/new_results/mouse_rat_bpo_2.pdf, id=2647, 425.59pt x 222.8325pt>
File: Figures/oc/new_results/mouse_rat_bpo_2.pdf Graphic file (type pdf)

<use Figures/oc/new_results/mouse_rat_bpo_2.pdf>
Package pdftex.def Info: Figures/oc/new_results/mouse_rat_bpo_2.pdf used on inp
ut line 22.
(pdftex.def)             Requested size: 195.12767pt x 102.16757pt.

<Figures/oc/new_results/worm_fly_bpo_2.pdf, id=2648, 425.59pt x 222.8325pt>
File: Figures/oc/new_results/worm_fly_bpo_2.pdf Graphic file (type pdf)

<use Figures/oc/new_results/worm_fly_bpo_2.pdf>
Package pdftex.def Info: Figures/oc/new_results/worm_fly_bpo_2.pdf used on inpu
t line 29.
(pdftex.def)             Requested size: 195.12767pt x 102.16757pt.
) [85] (./figures/oc/oc2_mfo.tex
<Figures/oc/new_results/human_mouse_mfo_4.pdf, id=2672, 426.59375pt x 276.03125
pt>
File: Figures/oc/new_results/human_mouse_mfo_4.pdf Graphic file (type pdf)
 <use Figures/oc/new_results/human_mouse_mfo_4.pdf>
Package pdftex.def Info: Figures/oc/new_results/human_mouse_mfo_4.pdf used on i
nput line 9.
(pdftex.def)             Requested size: 173.44534pt x 112.23007pt.

<Figures/oc/new_results/human_rat_mfo_4.pdf, id=2673, 426.59375pt x 276.03125pt
>
File: Figures/oc/new_results/human_rat_mfo_4.pdf Graphic file (type pdf)
 <use Figures/oc/new_results/human_rat_mfo_4.pdf>
Package pdftex.def Info: Figures/oc/new_results/human_rat_mfo_4.pdf used on inp
ut line 16.
(pdftex.def)             Requested size: 173.44534pt x 112.23007pt.

<Figures/oc/new_results/mouse_rat_mfo_4.pdf, id=2674, 426.59375pt x 276.03125pt
>
File: Figures/oc/new_results/mouse_rat_mfo_4.pdf Graphic file (type pdf)
 <use Figures/oc/new_results/mouse_rat_mfo_4.pdf>
Package pdftex.def Info: Figures/oc/new_results/mouse_rat_mfo_4.pdf used on inp
ut line 23.
(pdftex.def)             Requested size: 173.44534pt x 112.23007pt.

<Figures/oc/new_results/worm_fly_mfo_4.pdf, id=2675, 426.59375pt x 276.03125pt>
File: Figures/oc/new_results/worm_fly_mfo_4.pdf Graphic file (type pdf)
<use Figures/oc/new_results/worm_fly_mfo_4.pdf>
Package pdftex.def Info: Figures/oc/new_results/worm_fly_mfo_4.pdf used on inpu
t line 30.
(pdftex.def)             Requested size: 173.44534pt x 112.23007pt.
 [86 <./Figures/oc/new_results/human_mouse_mfo_2.pdf> <./Figures/oc/new_results
/human_rat_mfo_2.pdf> <./Figures/oc/new_results/mouse_rat_mfo_2.pdf> <./Figures
/oc/new_results/worm_fly_mfo_2.pdf>]) (./figures/oc/oc2_bpo.tex
<Figures/oc/new_results/human_mouse_bpo_4.pdf, id=3342, 426.59375pt x 276.03125
pt>
File: Figures/oc/new_results/human_mouse_bpo_4.pdf Graphic file (type pdf)
 <use Figures/oc/new_results/human_mouse_bpo_4.pdf>
Package pdftex.def Info: Figures/oc/new_results/human_mouse_bpo_4.pdf used on i
nput line 9.
(pdftex.def)             Requested size: 173.44534pt x 112.23007pt.

<Figures/oc/new_results/human_rat_bpo_4.pdf, id=3343, 426.59375pt x 276.03125pt
>
File: Figures/oc/new_results/human_rat_bpo_4.pdf Graphic file (type pdf)
 <use Figures/oc/new_results/human_rat_bpo_4.pdf>
Package pdftex.def Info: Figures/oc/new_results/human_rat_bpo_4.pdf used on inp
ut line 16.
(pdftex.def)             Requested size: 173.44534pt x 112.23007pt.

<Figures/oc/new_results/mouse_rat_bpo_4.pdf, id=3344, 426.59375pt x 276.03125pt
>
File: Figures/oc/new_results/mouse_rat_bpo_4.pdf Graphic file (type pdf)
 <use Figures/oc/new_results/mouse_rat_bpo_4.pdf>
Package pdftex.def Info: Figures/oc/new_results/mouse_rat_bpo_4.pdf used on inp
ut line 23.
(pdftex.def)             Requested size: 173.44534pt x 112.23007pt.

<Figures/oc/new_results/worm_fly_bpo_4.pdf, id=3345, 426.59375pt x 276.03125pt>
File: Figures/oc/new_results/worm_fly_bpo_4.pdf Graphic file (type pdf)
<use Figures/oc/new_results/worm_fly_bpo_4.pdf>
Package pdftex.def Info: Figures/oc/new_results/worm_fly_bpo_4.pdf used on inpu
t line 30.
(pdftex.def)             Requested size: 173.44534pt x 112.23007pt.
) [87 <./Figures/oc/new_results/human_mouse_bpo_2.pdf> <./Figures/oc/new_result
s/human_rat_bpo_2.pdf> <./Figures/oc/new_results/mouse_rat_bpo_2.pdf> <./Figure
s/oc/new_results/worm_fly_bpo_2.pdf>]
Missing character: There is no Ő in font cmr10!

Underfull \vbox (badness 4995) has occurred while \output is active []

 [88 <./Figures/oc/new_results/human_mouse_mfo_4.pdf> <./Figures/oc/new_results
/human_rat_mfo_4.pdf> <./Figures/oc/new_results/mouse_rat_mfo_4.pdf> <./Figures
/oc/new_results/worm_fly_mfo_4.pdf>] [89 <./Figures/oc/new_results/human_mouse_
bpo_4.pdf> <./Figures/oc/new_results/human_rat_bpo_4.pdf> <./Figures/oc/new_res
ults/mouse_rat_bpo_4.pdf> <./Figures/oc/new_results/worm_fly_bpo_4.pdf>]
Package epstopdf Info: Source file: <Figures/oc/Figure4A.eps>
(epstopdf)                    date: 2013-05-22 15:17:52
(epstopdf)                    size: 790142 bytes
(epstopdf)             Output file: <Figures/oc/Figure4A-eps-converted-to.pdf>
(epstopdf)                    date: 2013-05-22 15:17:52
(epstopdf)                    size: 24270 bytes
(epstopdf)             Command: <epstopdf --outfile=Figures/oc/Figure4A-eps-con
verted-to.pdf Figures/oc/Figure4A.eps>
(epstopdf)             \includegraphics on input line 155.
Package epstopdf Info: Output file is already uptodate.

<Figures/oc/Figure4A-eps-converted-to.pdf, id=6220, 474.77374pt x 310.15875pt>
File: Figures/oc/Figure4A-eps-converted-to.pdf Graphic file (type pdf)

<use Figures/oc/Figure4A-eps-converted-to.pdf>
Package pdftex.def Info: Figures/oc/Figure4A-eps-converted-to.pdf used on input
 line 155.
(pdftex.def)             Requested size: 173.44534pt x 113.30875pt.
Package epstopdf Info: Source file: <Figures/oc/Figure4B.eps>
(epstopdf)                    date: 2013-05-22 15:17:54
(epstopdf)                    size: 800374 bytes
(epstopdf)             Output file: <Figures/oc/Figure4B-eps-converted-to.pdf>
(epstopdf)                    date: 2013-05-22 15:29:52
(epstopdf)                    size: 35469 bytes
(epstopdf)             Command: <epstopdf --outfile=Figures/oc/Figure4B-eps-con
verted-to.pdf Figures/oc/Figure4B.eps>
(epstopdf)             \includegraphics on input line 162.
Package epstopdf Info: Output file is already uptodate.

<Figures/oc/Figure4B-eps-converted-to.pdf, id=6221, 427.5975pt x 292.09125pt>
File: Figures/oc/Figure4B-eps-converted-to.pdf Graphic file (type pdf)

<use Figures/oc/Figure4B-eps-converted-to.pdf>
Package pdftex.def Info: Figures/oc/Figure4B-eps-converted-to.pdf used on input
 line 162.
(pdftex.def)             Requested size: 173.44534pt x 118.47903pt.

Underfull \vbox (badness 1817) has occurred while \output is active []

 [90 <./Figures/oc/Figure4A-eps-converted-to.pdf> <./Figures/oc/Figure4B-eps-co
nverted-to.pdf>] [91]
<Figures/oc/new_results/interaction_similarity_A.pdf, id=6301, 328.22626pt x 22
3.83624pt>
File: Figures/oc/new_results/interaction_similarity_A.pdf Graphic file (type pd
f)
 <use Figures/oc/new_results/interaction_similarity_A.pdf>
Package pdftex.def Info: Figures/oc/new_results/interaction_similarity_A.pdf us
ed on input line 205.
(pdftex.def)             Requested size: 195.12767pt x 133.0698pt.

<Figures/oc/new_results/interaction_similarity_B.pdf, id=6302, 330.23375pt x 22
4.84pt>
File: Figures/oc/new_results/interaction_similarity_B.pdf Graphic file (type pd
f)
 <use Figures/oc/new_results/interaction_similarity_B.pdf>
Package pdftex.def Info: Figures/oc/new_results/interaction_similarity_B.pdf us
ed on input line 212.
(pdftex.def)             Requested size: 195.12767pt x 132.85686pt.


LaTeX Warning: `!h' float specifier changed to `!ht'.

[92]
Underfull \vbox (badness 4132) has occurred while \output is active []

 [93 <./Figures/oc/new_results/interaction_similarity_A.pdf> <./Figures/oc/new_
results/interaction_similarity_B.pdf>] [94] [95]
Underfull \vbox (badness 10000) has occurred while \output is active []

 [96]
Missing character: There is no Ő in font cmr10!

Underfull \vbox (badness 10000) has occurred while \output is active []

 [97]
<Figures/oc/Figure_S8.pdf, id=6684, 903.11095pt x 510.07425pt>
File: Figures/oc/Figure_S8.pdf Graphic file (type pdf)

<use Figures/oc/Figure_S8.pdf>
Package pdftex.def Info: Figures/oc/Figure_S8.pdf used on input line 399.
(pdftex.def)             Requested size: 368.57964pt x 208.17447pt.
 [98 <./Figures/oc/Figure_S8.pdf>]
Underfull \vbox (badness 10000) has occurred while \output is active []

 [99]
Underfull \vbox (badness 2635) has occurred while \output is active []

 [100]
(./oc_num_seqs_with_homos.tex) [101] (./oc_function_count_table.tex)
(./oc_homolog_count_table.tex

LaTeX Warning: `h' float specifier changed to `ht'.

) [102]
Missing character: There is no Ő in font cmr10!
 [103] [104]
<Figures/oc/conservation_calculation.pdf, id=6768, 481.99825pt x 223.60077pt>
File: Figures/oc/conservation_calculation.pdf Graphic file (type pdf)

<use Figures/oc/conservation_calculation.pdf>
Package pdftex.def Info: Figures/oc/conservation_calculation.pdf used on input 
line 516.
(pdftex.def)             Requested size: 368.57964pt x 170.9926pt.
 [105 <./Figures/oc/conservation_calculation.pdf>]) (./Wyatt_Thesis_V0.bbl [106
]
Bibliography

Underfull \vbox (badness 10000) has occurred while \output is active []

 [107


]
Underfull \vbox (badness 10000) has occurred while \output is active []

 [108]
Underfull \vbox (badness 10000) has occurred while \output is active []

 [109]
Underfull \vbox (badness 10000) has occurred while \output is active []

 [110]
Underfull \vbox (badness 10000) has occurred while \output is active []

 [111]
Underfull \vbox (badness 10000) has occurred while \output is active []

 [112]
Underfull \vbox (badness 10000) has occurred while \output is active []

 [113]
Underfull \vbox (badness 10000) has occurred while \output is active []

 [114]
Underfull \vbox (badness 10000) has occurred while \output is active []

 [115]
Underfull \vbox (badness 10000) has occurred while \output is active []

 [116]
Underfull \vbox (badness 10000) has occurred while \output is active []

 [117]
Underfull \vbox (badness 10000) has occurred while \output is active []

 [118]
Underfull \vbox (badness 10000) has occurred while \output is active []

 [119])
No file Wyatt_Thesis_V0.ind.
Package atveryend Info: Empty hook `BeforeClearDocument' on input line 137.
[120]
Package atveryend Info: Empty hook `AfterLastShipout' on input line 137.
 (./Wyatt_Thesis_V0.aux)
Package atveryend Info: Executing hook `AtVeryEndDocument' on input line 137.
Package atveryend Info: Executing hook `AtEndAfterFileList' on input line 137.
Package rerunfilecheck Info: File `Wyatt_Thesis_V0.out' has not changed.
(rerunfilecheck)             Checksum: 9766825F44DA65A1149AFF88A399D42D;8274.


LaTeX Warning: There were multiply-defined labels.

Package atveryend Info: Empty hook `AtVeryVeryEnd' on input line 137.
 ) 
Here is how much of TeX's memory you used:
 12330 strings out of 493633
 200835 string characters out of 3143378
 359755 words of memory out of 3000000
 14637 multiletter control sequences out of 15000+200000
 14616 words of font info for 56 fonts, out of 3000000 for 9000
 993 hyphenation exceptions out of 8191
 41i,15n,42p,3846b,978s stack positions out of 5000i,500n,10000p,200000b,50000s
</usr/local/texlive/2011/texmf-dist/fonts/type1/public/amsfonts/cm/cmbx10.pfb
></usr/local/texlive/2011/texmf-dist/fonts/type1/public/amsfonts/cm/cmbx12.pfb>
</usr/local/texlive/2011/texmf-dist/fonts/type1/public/amsfonts/cm/cmbx5.pfb></
usr/local/texlive/2011/texmf-dist/fonts/type1/public/amsfonts/cm/cmbx7.pfb></us
r/local/texlive/2011/texmf-dist/fonts/type1/public/amsfonts/cm/cmcsc10.pfb></us
r/local/texlive/2011/texmf-dist/fonts/type1/public/amsfonts/cm/cmex10.pfb></usr
/local/texlive/2011/texmf-dist/fonts/type1/public/amsfonts/cm/cmmi10.pfb></usr/
local/texlive/2011/texmf-dist/fonts/type1/public/amsfonts/cm/cmmi12.pfb></usr/l
ocal/texlive/2011/texmf-dist/fonts/type1/public/amsfonts/cm/cmmi5.pfb></usr/loc
al/texlive/2011/texmf-dist/fonts/type1/public/amsfonts/cm/cmmi7.pfb></usr/local
/texlive/2011/texmf-dist/fonts/type1/public/amsfonts/cm/cmmi9.pfb></usr/local/t
exlive/2011/texmf-dist/fonts/type1/public/amsfonts/cm/cmr10.pfb></usr/local/tex
live/2011/texmf-dist/fonts/type1/public/amsfonts/cm/cmr12.pfb></usr/local/texli
ve/2011/texmf-dist/fonts/type1/public/amsfonts/cm/cmr17.pfb></usr/local/texlive
/2011/texmf-dist/fonts/type1/public/amsfonts/cm/cmr5.pfb></usr/local/texlive/20
11/texmf-dist/fonts/type1/public/amsfonts/cm/cmr7.pfb></usr/local/texlive/2011/
texmf-dist/fonts/type1/public/amsfonts/cm/cmr9.pfb></usr/local/texlive/2011/tex
mf-dist/fonts/type1/public/amsfonts/cm/cmssbx10.pfb></usr/local/texlive/2011/te
xmf-dist/fonts/type1/public/amsfonts/cm/cmsy10.pfb></usr/local/texlive/2011/tex
mf-dist/fonts/type1/public/amsfonts/cm/cmsy5.pfb></usr/local/texlive/2011/texmf
-dist/fonts/type1/public/amsfonts/cm/cmsy7.pfb></usr/local/texlive/2011/texmf-d
ist/fonts/type1/public/amsfonts/cm/cmti10.pfb></usr/local/texlive/2011/texmf-di
st/fonts/type1/public/amsfonts/cm/cmtt10.pfb></usr/local/texlive/2011/texmf-dis
t/fonts/type1/public/amsfonts/symbols/msam10.pfb></usr/local/texlive/2011/texmf
-dist/fonts/type1/public/amsfonts/symbols/msbm10.pfb>
Output written on Wyatt_Thesis_V0.pdf (134 pages, 2700068 bytes).
PDF statistics:
 7038 PDF objects out of 7423 (max. 8388607)
 4718 compressed objects within 48 object streams
 489 named destinations out of 1000 (max. 500000)
 1110 words of extra memory for PDF output out of 10000 (max. 10000000)

